[2025-11-14 03:47:21] [node-0] INFO: ========================================
[2025-11-14 03:47:21] [node-0] INFO: DPoS 节点启动
[2025-11-14 03:47:21] [node-0] INFO: ========================================
[2025-11-14 03:47:21] [node-0] INFO: 节点ID: node-0
[2025-11-14 03:47:21] [node-0] INFO: 监听地址: localhost:13000
[2025-11-14 03:47:21] [node-0] INFO: 质押量: 1000.00
[2025-11-14 03:47:21] [node-0] INFO: 网络延迟: 10.00 ms
[2025-11-14 03:47:21] [node-0] INFO: 创世时间: 2025-11-13T19:48:18Z
[2025-11-14 03:47:21] [node-0] INFO: ========================================
[2025-11-14 03:47:21] [node-0] INFO: 启动节点 node-0，监听地址: localhost:13000
[2025-11-14 03:47:22] [node-0] INFO: HTTP服务器已就绪
[Discovery] 启动节点发现服务...
[Discovery] 本地地址: localhost:13000
[Discovery] 种子节点: []
[Discovery] 节点发现服务已启动
[Discovery] 没有配置种子节点，作为独立节点运行
[Discovery] 当前对等节点数: 2
[Discovery] 当前对等节点数: 3
[Discovery] 当前对等节点数: 3
[Discovery] 当前对等节点数: 4
[Discovery] 当前对等节点数: 5
[Discovery] 当前对等节点数: 5
[2025-11-14 03:47:42] [node-0] INFO: 节点 node-0 启动完成，已连接 5 个对等节点
[2025-11-14 03:47:42] [node-0] INFO: ✓ 节点启动成功
[2025-11-14 03:47:42] [node-0] INFO: 
========================================
[2025-11-14 03:47:42] [node-0] INFO: 启动测试模式
[2025-11-14 03:47:42] [node-0] INFO: 测试模式: full
[2025-11-14 03:47:42] [node-0] INFO: 等待创世时间到达，等待时长: 35.380334s
[2025-11-14 03:47:42] [node-0] INFO: ========================================
[2025-11-14 03:47:42] [node-0] INFO: 等待网络稳定(30秒)...
[Discovery] 当前对等节点数: 5
[Discovery] 当前对等节点数: 5
[Discovery] 当前对等节点数: 5
[Discovery] 当前对等节点数: 5
[Discovery] 当前对等节点数: 5
[Discovery] 当前对等节点数: 5
[Discovery] 当前对等节点数: 5
[Discovery] 当前对等节点数: 5
[Discovery] 当前对等节点数: 5
[Discovery] 当前对等节点数: 5
[2025-11-14 03:48:12] [node-0] INFO: 开始完整性能测试(20轮)...
[2025-11-14 03:48:12] [node-0] INFO: ========================================
[2025-11-14 03:48:12] [node-0] INFO: 开始 DPoS 性能测试 (原始DPoS方案)
[2025-11-14 03:48:12] [node-0] INFO: 测试轮数: 20
[2025-11-14 03:48:12] [node-0] INFO: 节点ID: node-0
[2025-11-14 03:48:12] [node-0] INFO: ========================================
[2025-11-14 03:48:12] [node-0] INFO: ========== 测试轮次 1/20 ==========
[Discovery] 当前对等节点数: 5
[Discovery] 当前对等节点数: 5
[2025-11-14 03:48:18] [node-0] INFO: ========================================
[2025-11-14 03:48:18] [node-0] INFO: 创世时间已到，开始DPoS流程
[2025-11-14 03:48:18] [node-0] INFO: ========================================
[2025-11-14 03:48:18] [node-0] INFO: 【第0轮】启动初始投票和选举
[2025-11-14 03:48:18] [node-0] INFO: ========================================
[2025-11-14 03:48:18] [node-0] INFO: 第 1 轮投票阶段开始
[2025-11-14 03:48:18] [node-0] INFO: ========================================
[2025-11-14 03:48:18] [node-0] INFO: 投票状态已重置，等待接收投票...
[2025-11-14 03:48:18] [node-0] INFO: 节点 node-0 投票给 node-1 (权重: 1000.00)
[2025-11-14 03:48:18] [node-0] INFO: 【收到投票】轮次 0 | 投票者: node-0 | 目标: node-1 | 权重: 1000.00
[2025-11-14 03:48:18] [node-0] INFO: 【收到投票】轮次 0 | 投票者: node-1 | 目标: node-0 | 权重: 800.00
[2025-11-14 03:48:18] [node-0] INFO: 【收到投票】轮次 0 | 投票者: node-4 | 目标: node-0 | 权重: 200.00
[2025-11-14 03:48:18] [node-0] INFO: 【收到投票】轮次 0 | 投票者: node-2 | 目标: node-0 | 权重: 600.00
[2025-11-14 03:48:18] [node-0] INFO: 投票广播完成: 成功 5, 失败 0
[2025-11-14 03:48:18] [node-0] INFO: 【收到投票】轮次 0 | 投票者: node-3 | 目标: node-2 | 权重: 400.00
[2025-11-14 03:48:18] [node-0] INFO: 投票阶段完成 (耗时: 104 ms)
[2025-11-14 03:48:18] [node-0] INFO:   总投票数: 5
[2025-11-14 03:48:18] [node-0] INFO:   投票参与率: 100.00%
[2025-11-14 03:48:18] [node-0] INFO: ========================================
[2025-11-14 03:48:18] [node-0] INFO: 代理节点选举(基于 5 张投票)
[2025-11-14 03:48:18] [node-0] INFO: ========================================
[2025-11-14 03:48:18] [node-0] INFO: 选举结果：共选出 3 个代理节点
[2025-11-14 03:48:18] [node-0] INFO:   #1: node-0 (得票: 1600.00, 质押: 1000.00, 连任: 1轮)
[2025-11-14 03:48:18] [node-0] INFO:   #2: node-1 (得票: 1000.00, 质押: 800.00, 连任: 1轮)
[2025-11-14 03:48:18] [node-0] INFO:   #3: node-2 (得票: 400.00, 质押: 600.00, 连任: 1轮)
[2025-11-14 03:48:18] [node-0] INFO: 初始选举完成，代理节点已就绪
[2025-11-14 03:48:18] [node-0] INFO: ========================================
[2025-11-14 03:48:18] [node-0] INFO: 主循环启动 | 当前区块高度: 0
[Discovery] 当前对等节点数: 5
[2025-11-14 03:48:21] [node-0] INFO: [ ========= 处理区块 | 高度: 0 =========]
[2025-11-14 03:48:21] [node-0] INFO: ========================================
[2025-11-14 03:48:21] [node-0] INFO: 轮次: 0 | 时隙: 1/3
[2025-11-14 03:48:21] [node-0] INFO: 当前出块节点: node-0
[2025-11-14 03:48:21] [node-0] INFO: ========================================
[2025-11-14 03:48:21] [node-0] INFO: >>> 本节点是当前出块者，开始出块 <<<
[2025-11-14 03:48:21] [node-0] INFO: 【出块阶段】
[2025-11-14 03:48:21] [node-0] INFO: 节点 node-0 开始出块
[2025-11-14 03:48:21] [node-0] INFO:   从交易池获取 100 笔交易
[2025-11-14 03:48:21] [node-0] INFO:   出块耗时: 0 ms
[2025-11-14 03:48:21] [node-0] INFO: >>> 节点 node-0 开始出块 (轮次: 0, 时隙: 1/3)
[2025-11-14 03:48:21] [node-0] INFO: ✓ 区块生产成功 (奖励: 11.00)
[2025-11-14 03:48:21] [node-0] INFO: 收到来自 node-0 的区块 #1
[2025-11-14 03:48:21] [node-0] INFO: 成功广播区块 #1 到 5 个节点
[2025-11-14 03:48:21] [node-0] INFO:   区块广播耗时: 186 ms
[2025-11-14 03:48:21] [node-0] INFO: 节点 node-0 成功出块 #1 (包含 100 笔交易)
[2025-11-14 03:48:21] [node-0] INFO: ========== 测试轮次 2/20 ==========
[Discovery] 当前对等节点数: 5
[2025-11-14 03:48:24] [node-0] INFO: [ ========= 处理区块 | 高度: 1 =========]
[2025-11-14 03:48:24] [node-0] INFO: ========================================
[2025-11-14 03:48:24] [node-0] INFO: 轮次: 0 | 时隙: 2/3
[2025-11-14 03:48:24] [node-0] INFO: 当前出块节点: node-1
[2025-11-14 03:48:24] [node-0] INFO: ========================================
[2025-11-14 03:48:24] [node-0] INFO: 收到来自 node-1 的区块 #2
[Discovery] 当前对等节点数: 5
[2025-11-14 03:48:27] [node-0] INFO: [ ========= 处理区块 | 高度: 2 =========]
[2025-11-14 03:48:27] [node-0] INFO: ========================================
[2025-11-14 03:48:27] [node-0] INFO: 轮次: 0 | 时隙: 3/3
[2025-11-14 03:48:27] [node-0] INFO: 当前出块节点: node-2
[2025-11-14 03:48:27] [node-0] INFO: ========================================
[2025-11-14 03:48:27] [node-0] INFO: 收到来自 node-2 的区块 #3
[2025-11-14 03:48:27] [node-0] INFO: ========== 第 1 轮开始 ==========
[Discovery] 当前对等节点数: 5
[2025-11-14 03:48:30] [node-0] INFO: ========================================
[2025-11-14 03:48:30] [node-0] INFO: 🗳️  新一轮开始 - 启动投票选举
[2025-11-14 03:48:30] [node-0] INFO: ========================================
[2025-11-14 03:48:30] [node-0] INFO: ========================================
[2025-11-14 03:48:30] [node-0] INFO: 第 2 轮投票阶段开始
[2025-11-14 03:48:30] [node-0] INFO: ========================================
[2025-11-14 03:48:30] [node-0] INFO: 投票状态已重置，等待接收投票...
[2025-11-14 03:48:30] [node-0] INFO: 节点 node-0 投票给 node-4 (权重: 1000.00)
[2025-11-14 03:48:30] [node-0] INFO: 【收到投票】轮次 1 | 投票者: node-0 | 目标: node-4 | 权重: 1000.00
[2025-11-14 03:48:30] [node-0] INFO: 【收到投票】轮次 1 | 投票者: node-2 | 目标: node-0 | 权重: 600.00
[2025-11-14 03:48:30] [node-0] INFO: 【收到投票】轮次 1 | 投票者: node-1 | 目标: node-3 | 权重: 800.00
[2025-11-14 03:48:30] [node-0] INFO: 【收到投票】轮次 1 | 投票者: node-4 | 目标: node-0 | 权重: 200.00
[2025-11-14 03:48:30] [node-0] INFO: 【收到投票】轮次 1 | 投票者: node-3 | 目标: node-4 | 权重: 400.00
[2025-11-14 03:48:30] [node-0] INFO: 投票广播完成: 成功 5, 失败 0
[2025-11-14 03:48:30] [node-0] INFO: 投票阶段完成 (耗时: 103 ms)
[2025-11-14 03:48:30] [node-0] INFO:   总投票数: 5
[2025-11-14 03:48:30] [node-0] INFO:   投票参与率: 100.00%
[2025-11-14 03:48:30] [node-0] INFO: ========================================
[2025-11-14 03:48:30] [node-0] INFO: 代理节点选举(基于 5 张投票)
[2025-11-14 03:48:30] [node-0] INFO: ========================================
[2025-11-14 03:48:30] [node-0] INFO: 选举结果：共选出 3 个代理节点
[2025-11-14 03:48:30] [node-0] INFO:   #1: node-4 (得票: 1400.00, 质押: 200.00, 连任: 1轮)
[2025-11-14 03:48:30] [node-0] INFO:   #2: node-0 (得票: 800.00, 质押: 1000.00, 连任: 2轮)
[2025-11-14 03:48:30] [node-0] INFO:   #3: node-3 (得票: 800.00, 质押: 400.00, 连任: 1轮)
[2025-11-14 03:48:30] [node-0] INFO: ✓ 投票选举完成，开始新一轮出块
[2025-11-14 03:48:30] [node-0] INFO: [ ========= 处理区块 | 高度: 3 =========]
[2025-11-14 03:48:30] [node-0] INFO: ========================================
[2025-11-14 03:48:30] [node-0] INFO: 轮次: 1 | 时隙: 1/3
[2025-11-14 03:48:30] [node-0] INFO: 当前出块节点: node-4
[2025-11-14 03:48:30] [node-0] INFO: ========================================
[2025-11-14 03:48:30] [node-0] INFO: 收到来自 node-4 的区块 #4
[2025-11-14 03:48:30] [node-0] INFO: ========== 测试轮次 3/20 ==========
[Discovery] 当前对等节点数: 5
[2025-11-14 03:48:33] [node-0] INFO: [ ========= 处理区块 | 高度: 4 =========]
[2025-11-14 03:48:33] [node-0] INFO: ========================================
[2025-11-14 03:48:33] [node-0] INFO: 轮次: 1 | 时隙: 2/3
[2025-11-14 03:48:33] [node-0] INFO: 当前出块节点: node-0
[2025-11-14 03:48:33] [node-0] INFO: ========================================
[2025-11-14 03:48:33] [node-0] INFO: >>> 本节点是当前出块者，开始出块 <<<
[2025-11-14 03:48:33] [node-0] INFO: 【出块阶段】
[2025-11-14 03:48:33] [node-0] INFO: 节点 node-0 开始出块
[2025-11-14 03:48:33] [node-0] INFO:   从交易池获取 100 笔交易
[2025-11-14 03:48:33] [node-0] INFO:   出块耗时: 0 ms
[2025-11-14 03:48:33] [node-0] INFO: >>> 节点 node-0 开始出块 (轮次: 1, 时隙: 2/3)
[2025-11-14 03:48:33] [node-0] INFO: ✓ 区块生产成功 (奖励: 11.00)
[2025-11-14 03:48:33] [node-0] INFO: 收到来自 node-0 的区块 #5
[2025-11-14 03:48:33] [node-0] INFO: 成功广播区块 #5 到 5 个节点
[2025-11-14 03:48:33] [node-0] INFO:   区块广播耗时: 110 ms
[2025-11-14 03:48:33] [node-0] INFO: 节点 node-0 成功出块 #5 (包含 100 笔交易)
[Discovery] 当前对等节点数: 5
[2025-11-14 03:48:36] [node-0] INFO: [ ========= 处理区块 | 高度: 5 =========]
[2025-11-14 03:48:36] [node-0] INFO: ========================================
[2025-11-14 03:48:36] [node-0] INFO: 轮次: 1 | 时隙: 3/3
[2025-11-14 03:48:36] [node-0] INFO: 当前出块节点: node-3
[2025-11-14 03:48:36] [node-0] INFO: ========================================
[2025-11-14 03:48:36] [node-0] INFO: 收到来自 node-3 的区块 #6
[2025-11-14 03:48:36] [node-0] INFO: ========== 第 2 轮开始 ==========
[Discovery] 当前对等节点数: 5
[2025-11-14 03:48:39] [node-0] INFO: ========================================
[2025-11-14 03:48:39] [node-0] INFO: 🗳️  新一轮开始 - 启动投票选举
[2025-11-14 03:48:39] [node-0] INFO: ========================================
[2025-11-14 03:48:39] [node-0] INFO: ========================================
[2025-11-14 03:48:39] [node-0] INFO: 第 3 轮投票阶段开始
[2025-11-14 03:48:39] [node-0] INFO: ========================================
[2025-11-14 03:48:39] [node-0] INFO: 投票状态已重置，等待接收投票...
[2025-11-14 03:48:39] [node-0] INFO: 节点 node-0 投票给 node-2 (权重: 1000.00)
[2025-11-14 03:48:39] [node-0] INFO: 【收到投票】轮次 2 | 投票者: node-4 | 目标: node-1 | 权重: 200.00
[2025-11-14 03:48:39] [node-0] INFO: 【收到投票】轮次 2 | 投票者: node-0 | 目标: node-2 | 权重: 1000.00
[2025-11-14 03:48:39] [node-0] INFO: 【收到投票】轮次 2 | 投票者: node-3 | 目标: node-2 | 权重: 400.00
[2025-11-14 03:48:39] [node-0] INFO: 【收到投票】轮次 2 | 投票者: node-1 | 目标: node-2 | 权重: 800.00
[2025-11-14 03:48:39] [node-0] INFO: 【收到投票】轮次 2 | 投票者: node-2 | 目标: node-1 | 权重: 600.00
[2025-11-14 03:48:39] [node-0] INFO: 投票广播完成: 成功 4, 失败 1
[2025-11-14 03:48:39] [node-0] INFO: 投票阶段完成 (耗时: 105 ms)
[2025-11-14 03:48:39] [node-0] INFO:   总投票数: 5
[2025-11-14 03:48:39] [node-0] INFO:   投票参与率: 100.00%
[2025-11-14 03:48:39] [node-0] INFO: ========================================
[2025-11-14 03:48:39] [node-0] INFO: 代理节点选举(基于 5 张投票)
[2025-11-14 03:48:39] [node-0] INFO: ========================================
[2025-11-14 03:48:39] [node-0] INFO: 选举结果：共选出 3 个代理节点
[2025-11-14 03:48:39] [node-0] INFO:   #1: node-2 (得票: 2200.00, 质押: 600.00, 连任: 2轮)
[2025-11-14 03:48:39] [node-0] INFO:   #2: node-4 (得票: 1400.00, 质押: 200.00, 连任: 2轮)
[2025-11-14 03:48:39] [node-0] INFO:   #3: node-1 (得票: 800.00, 质押: 800.00, 连任: 1轮)
[2025-11-14 03:48:39] [node-0] INFO: ✓ 投票选举完成，开始新一轮出块
[2025-11-14 03:48:39] [node-0] INFO: [ ========= 处理区块 | 高度: 6 =========]
[2025-11-14 03:48:39] [node-0] INFO: ========================================
[2025-11-14 03:48:39] [node-0] INFO: 轮次: 2 | 时隙: 1/3
[2025-11-14 03:48:39] [node-0] INFO: 当前出块节点: node-2
[2025-11-14 03:48:39] [node-0] INFO: ========================================
[2025-11-14 03:48:39] [node-0] INFO: 收到来自 node-2 的区块 #7
[2025-11-14 03:48:39] [node-0] INFO: ========== 测试轮次 4/20 ==========
[Discovery] 当前对等节点数: 5
[2025-11-14 03:48:42] [node-0] INFO: [ ========= 处理区块 | 高度: 7 =========]
[2025-11-14 03:48:42] [node-0] INFO: ========================================
[2025-11-14 03:48:42] [node-0] INFO: 轮次: 2 | 时隙: 2/3
[2025-11-14 03:48:42] [node-0] INFO: 当前出块节点: node-4
[2025-11-14 03:48:42] [node-0] INFO: ========================================
[Discovery] 当前对等节点数: 5
[2025-11-14 03:48:45] [node-0] INFO: [ ========= 处理区块 | 高度: 8 =========]
[2025-11-14 03:48:45] [node-0] INFO: ========================================
[2025-11-14 03:48:45] [node-0] INFO: 轮次: 2 | 时隙: 3/3
[2025-11-14 03:48:45] [node-0] INFO: 当前出块节点: node-1
[2025-11-14 03:48:45] [node-0] INFO: ========================================
[2025-11-14 03:48:45] [node-0] INFO: 收到来自 node-1 的区块 #8
[2025-11-14 03:48:45] [node-0] INFO: ========== 第 3 轮开始 ==========
[Discovery] 当前对等节点数: 5
[2025-11-14 03:48:48] [node-0] INFO: ========================================
[2025-11-14 03:48:48] [node-0] INFO: 🗳️  新一轮开始 - 启动投票选举
[2025-11-14 03:48:48] [node-0] INFO: ========================================
[2025-11-14 03:48:48] [node-0] INFO: ========================================
[2025-11-14 03:48:48] [node-0] INFO: 第 4 轮投票阶段开始
[2025-11-14 03:48:48] [node-0] INFO: ========================================
[2025-11-14 03:48:48] [node-0] INFO: 投票状态已重置，等待接收投票...
[2025-11-14 03:48:48] [node-0] INFO: 节点 node-0 投票给 node-4 (权重: 1000.00)
[2025-11-14 03:48:48] [node-0] INFO: 【收到投票】轮次 3 | 投票者: node-0 | 目标: node-4 | 权重: 1000.00
[2025-11-14 03:48:48] [node-0] INFO: 【收到投票】轮次 3 | 投票者: node-4 | 目标: node-2 | 权重: 200.00
[2025-11-14 03:48:48] [node-0] INFO: 【收到投票】轮次 3 | 投票者: node-3 | 目标: node-0 | 权重: 400.00
[2025-11-14 03:48:48] [node-0] INFO: 【收到投票】轮次 3 | 投票者: node-1 | 目标: node-0 | 权重: 800.00
[2025-11-14 03:48:48] [node-0] INFO: 投票广播完成: 成功 5, 失败 0
[2025-11-14 03:48:48] [node-0] INFO: 【收到投票】轮次 3 | 投票者: node-2 | 目标: node-4 | 权重: 600.00
[2025-11-14 03:48:48] [node-0] INFO: 投票阶段完成 (耗时: 105 ms)
[2025-11-14 03:48:48] [node-0] INFO:   总投票数: 5
[2025-11-14 03:48:48] [node-0] INFO:   投票参与率: 100.00%
[2025-11-14 03:48:48] [node-0] INFO: ========================================
[2025-11-14 03:48:48] [node-0] INFO: 代理节点选举(基于 5 张投票)
[2025-11-14 03:48:48] [node-0] INFO: ========================================
[2025-11-14 03:48:48] [node-0] INFO: 选举结果：共选出 3 个代理节点
[2025-11-14 03:48:48] [node-0] INFO:   #1: node-4 (得票: 1600.00, 质押: 200.00, 连任: 3轮)
[2025-11-14 03:48:48] [node-0] INFO:   #2: node-0 (得票: 1200.00, 质押: 1000.00, 连任: 1轮)
[2025-11-14 03:48:48] [node-0] INFO:   #3: node-2 (得票: 200.00, 质押: 600.00, 连任: 3轮)
[2025-11-14 03:48:48] [node-0] INFO: ✓ 投票选举完成，开始新一轮出块
[2025-11-14 03:48:48] [node-0] INFO: [ ========= 处理区块 | 高度: 9 =========]
[2025-11-14 03:48:48] [node-0] INFO: ========================================
[2025-11-14 03:48:48] [node-0] INFO: 轮次: 3 | 时隙: 1/3
[2025-11-14 03:48:48] [node-0] INFO: 当前出块节点: node-4
[2025-11-14 03:48:48] [node-0] INFO: ========================================
[2025-11-14 03:48:48] [node-0] INFO: 收到来自 node-4 的区块 #9
[2025-11-14 03:48:48] [node-0] INFO: ========== 测试轮次 5/20 ==========
[Discovery] 当前对等节点数: 5
[2025-11-14 03:48:51] [node-0] INFO: [ ========= 处理区块 | 高度: 10 =========]
[2025-11-14 03:48:51] [node-0] INFO: ========================================
[2025-11-14 03:48:51] [node-0] INFO: 轮次: 3 | 时隙: 2/3
[2025-11-14 03:48:51] [node-0] INFO: 当前出块节点: node-0
[2025-11-14 03:48:51] [node-0] INFO: ========================================
[2025-11-14 03:48:51] [node-0] INFO: >>> 本节点是当前出块者，开始出块 <<<
[2025-11-14 03:48:51] [node-0] INFO: 【出块阶段】
[2025-11-14 03:48:51] [node-0] INFO: 节点 node-0 开始出块
[2025-11-14 03:48:51] [node-0] INFO:   从交易池获取 100 笔交易
[2025-11-14 03:48:51] [node-0] INFO:   出块耗时: 0 ms
[2025-11-14 03:48:51] [node-0] INFO: >>> 节点 node-0 开始出块 (轮次: 3, 时隙: 2/3)
[2025-11-14 03:48:51] [node-0] INFO: ✓ 区块生产成功 (奖励: 11.00)
[2025-11-14 03:48:51] [node-0] INFO: 收到来自 node-0 的区块 #10
[2025-11-14 03:48:51] [node-0] INFO: 成功广播区块 #10 到 5 个节点
[2025-11-14 03:48:51] [node-0] INFO:   区块广播耗时: 107 ms
[2025-11-14 03:48:51] [node-0] INFO: 节点 node-0 成功出块 #10 (包含 100 笔交易)
[Discovery] 当前对等节点数: 5
[2025-11-14 03:48:54] [node-0] INFO: [ ========= 处理区块 | 高度: 11 =========]
[2025-11-14 03:48:54] [node-0] INFO: ========================================
[2025-11-14 03:48:54] [node-0] INFO: 轮次: 3 | 时隙: 3/3
[2025-11-14 03:48:54] [node-0] INFO: 当前出块节点: node-2
[2025-11-14 03:48:54] [node-0] INFO: ========================================
[2025-11-14 03:48:54] [node-0] INFO: 收到来自 node-2 的区块 #11
[2025-11-14 03:48:54] [node-0] INFO: ========== 第 4 轮开始 ==========
[Discovery] 当前对等节点数: 5
[2025-11-14 03:48:57] [node-0] INFO: ========================================
[2025-11-14 03:48:57] [node-0] INFO: 🗳️  新一轮开始 - 启动投票选举
[2025-11-14 03:48:57] [node-0] INFO: ========================================
[2025-11-14 03:48:57] [node-0] INFO: ========================================
[2025-11-14 03:48:57] [node-0] INFO: 第 5 轮投票阶段开始
[2025-11-14 03:48:57] [node-0] INFO: ========================================
[2025-11-14 03:48:57] [node-0] INFO: 投票状态已重置，等待接收投票...
[2025-11-14 03:48:57] [node-0] INFO: 节点 node-0 投票给 node-4 (权重: 1000.00)
[2025-11-14 03:48:57] [node-0] INFO: 【收到投票】轮次 4 | 投票者: node-4 | 目标: node-2 | 权重: 200.00
[2025-11-14 03:48:57] [node-0] INFO: 【收到投票】轮次 4 | 投票者: node-3 | 目标: node-4 | 权重: 400.00
[2025-11-14 03:48:57] [node-0] INFO: 【收到投票】轮次 4 | 投票者: node-0 | 目标: node-4 | 权重: 1000.00
[2025-11-14 03:48:57] [node-0] INFO: 【收到投票】轮次 4 | 投票者: node-2 | 目标: node-1 | 权重: 600.00
[2025-11-14 03:48:57] [node-0] INFO: 【收到投票】轮次 4 | 投票者: node-1 | 目标: node-3 | 权重: 800.00
[2025-11-14 03:48:57] [node-0] INFO: 投票广播完成: 成功 5, 失败 0
[2025-11-14 03:48:57] [node-0] INFO: 投票阶段完成 (耗时: 103 ms)
[2025-11-14 03:48:57] [node-0] INFO:   总投票数: 5
[2025-11-14 03:48:57] [node-0] INFO:   投票参与率: 100.00%
[2025-11-14 03:48:57] [node-0] INFO: ========================================
[2025-11-14 03:48:57] [node-0] INFO: 代理节点选举(基于 5 张投票)
[2025-11-14 03:48:57] [node-0] INFO: ========================================
[2025-11-14 03:48:57] [node-0] INFO: 选举结果：共选出 3 个代理节点
[2025-11-14 03:48:57] [node-0] INFO:   #1: node-4 (得票: 1400.00, 质押: 200.00, 连任: 4轮)
[2025-11-14 03:48:57] [node-0] INFO:   #2: node-3 (得票: 800.00, 质押: 400.00, 连任: 1轮)
[2025-11-14 03:48:57] [node-0] INFO:   #3: node-1 (得票: 600.00, 质押: 800.00, 连任: 1轮)
[2025-11-14 03:48:57] [node-0] INFO: ✓ 投票选举完成，开始新一轮出块
[2025-11-14 03:48:57] [node-0] INFO: [ ========= 处理区块 | 高度: 12 =========]
[2025-11-14 03:48:57] [node-0] INFO: ========================================
[2025-11-14 03:48:57] [node-0] INFO: 轮次: 4 | 时隙: 1/3
[2025-11-14 03:48:57] [node-0] INFO: 当前出块节点: node-4
[2025-11-14 03:48:57] [node-0] INFO: ========================================
[2025-11-14 03:48:57] [node-0] INFO: 收到来自 node-4 的区块 #12
[2025-11-14 03:48:57] [node-0] INFO: ========== 测试轮次 6/20 ==========
[Discovery] 当前对等节点数: 5
[2025-11-14 03:49:00] [node-0] INFO: [ ========= 处理区块 | 高度: 13 =========]
[2025-11-14 03:49:00] [node-0] INFO: ========================================
[2025-11-14 03:49:00] [node-0] INFO: 轮次: 4 | 时隙: 2/3
[2025-11-14 03:49:00] [node-0] INFO: 当前出块节点: node-3
[2025-11-14 03:49:00] [node-0] INFO: ========================================
[2025-11-14 03:49:00] [node-0] INFO: 收到来自 node-3 的区块 #13
[Discovery] 当前对等节点数: 5
[2025-11-14 03:49:03] [node-0] INFO: [ ========= 处理区块 | 高度: 14 =========]
[2025-11-14 03:49:03] [node-0] INFO: ========================================
[2025-11-14 03:49:03] [node-0] INFO: 轮次: 4 | 时隙: 3/3
[2025-11-14 03:49:03] [node-0] INFO: 当前出块节点: node-1
[2025-11-14 03:49:03] [node-0] INFO: ========================================
[2025-11-14 03:49:03] [node-0] INFO: 收到来自 node-1 的区块 #14
[2025-11-14 03:49:03] [node-0] INFO: ========== 第 5 轮开始 ==========
[Discovery] 当前对等节点数: 5
[2025-11-14 03:49:06] [node-0] INFO: ========================================
[2025-11-14 03:49:06] [node-0] INFO: 🗳️  新一轮开始 - 启动投票选举
[2025-11-14 03:49:06] [node-0] INFO: ========================================
[2025-11-14 03:49:06] [node-0] INFO: ========================================
[2025-11-14 03:49:06] [node-0] INFO: 第 6 轮投票阶段开始
[2025-11-14 03:49:06] [node-0] INFO: ========================================
[2025-11-14 03:49:06] [node-0] INFO: 投票状态已重置，等待接收投票...
[2025-11-14 03:49:06] [node-0] INFO: 节点 node-0 投票给 node-4 (权重: 1000.00)
[2025-11-14 03:49:06] [node-0] INFO: 【收到投票】轮次 5 | 投票者: node-0 | 目标: node-4 | 权重: 1000.00
[2025-11-14 03:49:06] [node-0] INFO: 【收到投票】轮次 5 | 投票者: node-4 | 目标: node-1 | 权重: 200.00
[2025-11-14 03:49:06] [node-0] INFO: 【收到投票】轮次 5 | 投票者: node-1 | 目标: node-3 | 权重: 800.00
[2025-11-14 03:49:06] [node-0] INFO: 【收到投票】轮次 5 | 投票者: node-3 | 目标: node-1 | 权重: 400.00
[2025-11-14 03:49:06] [node-0] INFO: 【收到投票】轮次 5 | 投票者: node-2 | 目标: node-0 | 权重: 600.00
[2025-11-14 03:49:06] [node-0] INFO: 投票广播完成: 成功 5, 失败 0
[2025-11-14 03:49:06] [node-0] INFO: 投票阶段完成 (耗时: 104 ms)
[2025-11-14 03:49:06] [node-0] INFO:   总投票数: 5
[2025-11-14 03:49:06] [node-0] INFO:   投票参与率: 100.00%
[2025-11-14 03:49:06] [node-0] INFO: ========================================
[2025-11-14 03:49:06] [node-0] INFO: 代理节点选举(基于 5 张投票)
[2025-11-14 03:49:06] [node-0] INFO: ========================================
[2025-11-14 03:49:06] [node-0] INFO: 选举结果：共选出 3 个代理节点
[2025-11-14 03:49:06] [node-0] INFO:   #1: node-4 (得票: 1000.00, 质押: 200.00, 连任: 5轮)
[2025-11-14 03:49:06] [node-0] INFO:   #2: node-3 (得票: 800.00, 质押: 400.00, 连任: 2轮)
[2025-11-14 03:49:06] [node-0] INFO:   #3: node-0 (得票: 600.00, 质押: 1000.00, 连任: 1轮)
[2025-11-14 03:49:06] [node-0] INFO: ✓ 投票选举完成，开始新一轮出块
[2025-11-14 03:49:06] [node-0] INFO: [ ========= 处理区块 | 高度: 15 =========]
[2025-11-14 03:49:06] [node-0] INFO: ========================================
[2025-11-14 03:49:06] [node-0] INFO: 轮次: 5 | 时隙: 1/3
[2025-11-14 03:49:06] [node-0] INFO: 当前出块节点: node-4
[2025-11-14 03:49:06] [node-0] INFO: ========================================
[2025-11-14 03:49:06] [node-0] INFO: 收到来自 node-4 的区块 #15
[2025-11-14 03:49:06] [node-0] INFO: ========== 测试轮次 7/20 ==========
[Discovery] 当前对等节点数: 5
[2025-11-14 03:49:09] [node-0] INFO: [ ========= 处理区块 | 高度: 16 =========]
[2025-11-14 03:49:09] [node-0] INFO: ========================================
[2025-11-14 03:49:09] [node-0] INFO: 轮次: 5 | 时隙: 2/3
[2025-11-14 03:49:09] [node-0] INFO: 当前出块节点: node-3
[2025-11-14 03:49:09] [node-0] INFO: ========================================
[2025-11-14 03:49:09] [node-0] INFO: 收到来自 node-3 的区块 #16
[Discovery] 当前对等节点数: 5
[2025-11-14 03:49:12] [node-0] INFO: [ ========= 处理区块 | 高度: 17 =========]
[2025-11-14 03:49:12] [node-0] INFO: ========================================
[2025-11-14 03:49:12] [node-0] INFO: 轮次: 5 | 时隙: 3/3
[2025-11-14 03:49:12] [node-0] INFO: 当前出块节点: node-0
[2025-11-14 03:49:12] [node-0] INFO: ========================================
[2025-11-14 03:49:12] [node-0] INFO: >>> 本节点是当前出块者，开始出块 <<<
[2025-11-14 03:49:12] [node-0] INFO: 【出块阶段】
[2025-11-14 03:49:12] [node-0] INFO: 节点 node-0 开始出块
[2025-11-14 03:49:12] [node-0] INFO:   从交易池获取 100 笔交易
[2025-11-14 03:49:12] [node-0] INFO:   出块耗时: 0 ms
[2025-11-14 03:49:12] [node-0] INFO: >>> 节点 node-0 开始出块 (轮次: 5, 时隙: 3/3)
[2025-11-14 03:49:12] [node-0] INFO: ✓ 区块生产成功 (奖励: 11.00)
[2025-11-14 03:49:12] [node-0] INFO: 收到来自 node-0 的区块 #17
[2025-11-14 03:49:12] [node-0] INFO: 成功广播区块 #17 到 5 个节点
[2025-11-14 03:49:12] [node-0] INFO:   区块广播耗时: 124 ms
[2025-11-14 03:49:12] [node-0] INFO: 节点 node-0 成功出块 #17 (包含 100 笔交易)
[2025-11-14 03:49:12] [node-0] INFO: ========== 第 6 轮开始 ==========
[Discovery] 当前对等节点数: 5
[2025-11-14 03:49:15] [node-0] INFO: ========================================
[2025-11-14 03:49:15] [node-0] INFO: 🗳️  新一轮开始 - 启动投票选举
[2025-11-14 03:49:15] [node-0] INFO: ========================================
[2025-11-14 03:49:15] [node-0] INFO: ========================================
[2025-11-14 03:49:15] [node-0] INFO: 第 7 轮投票阶段开始
[2025-11-14 03:49:15] [node-0] INFO: ========================================
[2025-11-14 03:49:15] [node-0] INFO: 投票状态已重置，等待接收投票...
[2025-11-14 03:49:15] [node-0] INFO: 节点 node-0 投票给 node-1 (权重: 1000.00)
[2025-11-14 03:49:15] [node-0] INFO: 【收到投票】轮次 6 | 投票者: node-2 | 目标: node-0 | 权重: 600.00
[2025-11-14 03:49:15] [node-0] INFO: 【收到投票】轮次 6 | 投票者: node-4 | 目标: node-2 | 权重: 200.00
[2025-11-14 03:49:15] [node-0] INFO: 【收到投票】轮次 6 | 投票者: node-1 | 目标: node-2 | 权重: 800.00
[2025-11-14 03:49:15] [node-0] INFO: 【收到投票】轮次 6 | 投票者: node-0 | 目标: node-1 | 权重: 1000.00
[2025-11-14 03:49:15] [node-0] INFO: 【收到投票】轮次 6 | 投票者: node-3 | 目标: node-2 | 权重: 400.00
[2025-11-14 03:49:15] [node-0] INFO: 投票广播完成: 成功 5, 失败 0
[2025-11-14 03:49:15] [node-0] INFO: 投票阶段完成 (耗时: 101 ms)
[2025-11-14 03:49:15] [node-0] INFO:   总投票数: 5
[2025-11-14 03:49:15] [node-0] INFO:   投票参与率: 100.00%
[2025-11-14 03:49:15] [node-0] INFO: ========================================
[2025-11-14 03:49:15] [node-0] INFO: 代理节点选举(基于 5 张投票)
[2025-11-14 03:49:15] [node-0] INFO: ========================================
[2025-11-14 03:49:15] [node-0] INFO: 选举结果：共选出 3 个代理节点
[2025-11-14 03:49:15] [node-0] INFO:   #1: node-2 (得票: 1400.00, 质押: 600.00, 连任: 1轮)
[2025-11-14 03:49:15] [node-0] INFO:   #2: node-1 (得票: 1000.00, 质押: 800.00, 连任: 1轮)
[2025-11-14 03:49:15] [node-0] INFO:   #3: node-0 (得票: 600.00, 质押: 1000.00, 连任: 2轮)
[2025-11-14 03:49:15] [node-0] INFO: ✓ 投票选举完成，开始新一轮出块
[2025-11-14 03:49:15] [node-0] INFO: [ ========= 处理区块 | 高度: 18 =========]
[2025-11-14 03:49:15] [node-0] INFO: ========================================
[2025-11-14 03:49:15] [node-0] INFO: 轮次: 6 | 时隙: 1/3
[2025-11-14 03:49:15] [node-0] INFO: 当前出块节点: node-2
[2025-11-14 03:49:15] [node-0] INFO: ========================================
[2025-11-14 03:49:15] [node-0] INFO: 收到来自 node-2 的区块 #18
[2025-11-14 03:49:15] [node-0] INFO: ========== 测试轮次 8/20 ==========
[Discovery] 当前对等节点数: 5
[2025-11-14 03:49:18] [node-0] INFO: [ ========= 处理区块 | 高度: 19 =========]
[2025-11-14 03:49:18] [node-0] INFO: ========================================
[2025-11-14 03:49:18] [node-0] INFO: 轮次: 6 | 时隙: 2/3
[2025-11-14 03:49:18] [node-0] INFO: 当前出块节点: node-1
[2025-11-14 03:49:18] [node-0] INFO: ========================================
[2025-11-14 03:49:18] [node-0] INFO: 收到来自 node-1 的区块 #19
[Discovery] 当前对等节点数: 5
[2025-11-14 03:49:21] [node-0] INFO: [ ========= 处理区块 | 高度: 20 =========]
[2025-11-14 03:49:21] [node-0] INFO: ========================================
[2025-11-14 03:49:21] [node-0] INFO: 轮次: 6 | 时隙: 3/3
[2025-11-14 03:49:21] [node-0] INFO: 当前出块节点: node-0
[2025-11-14 03:49:21] [node-0] INFO: ========================================
[2025-11-14 03:49:21] [node-0] INFO: >>> 本节点是当前出块者，开始出块 <<<
[2025-11-14 03:49:21] [node-0] INFO: 【出块阶段】
[2025-11-14 03:49:21] [node-0] INFO: 节点 node-0 开始出块
[2025-11-14 03:49:21] [node-0] INFO:   从交易池获取 100 笔交易
[2025-11-14 03:49:21] [node-0] INFO:   出块耗时: 0 ms
[2025-11-14 03:49:21] [node-0] INFO: >>> 节点 node-0 开始出块 (轮次: 6, 时隙: 3/3)
[2025-11-14 03:49:21] [node-0] INFO: ✓ 区块生产成功 (奖励: 11.00)
[2025-11-14 03:49:21] [node-0] INFO: 收到来自 node-0 的区块 #20
[2025-11-14 03:49:21] [node-0] INFO: 成功广播区块 #20 到 5 个节点
[2025-11-14 03:49:21] [node-0] INFO:   区块广播耗时: 97 ms
[2025-11-14 03:49:21] [node-0] INFO: 节点 node-0 成功出块 #20 (包含 100 笔交易)
[2025-11-14 03:49:21] [node-0] INFO: ========== 第 7 轮开始 ==========
[Discovery] 当前对等节点数: 5
[2025-11-14 03:49:24] [node-0] INFO: ========================================
[2025-11-14 03:49:24] [node-0] INFO: 🗳️  新一轮开始 - 启动投票选举
[2025-11-14 03:49:24] [node-0] INFO: ========================================
[2025-11-14 03:49:24] [node-0] INFO: ========================================
[2025-11-14 03:49:24] [node-0] INFO: 第 8 轮投票阶段开始
[2025-11-14 03:49:24] [node-0] INFO: ========================================
[2025-11-14 03:49:24] [node-0] INFO: 投票状态已重置，等待接收投票...
[2025-11-14 03:49:24] [node-0] INFO: 节点 node-0 投票给 node-4 (权重: 1000.00)
[2025-11-14 03:49:24] [node-0] INFO: 【收到投票】轮次 7 | 投票者: node-4 | 目标: node-2 | 权重: 200.00
[2025-11-14 03:49:24] [node-0] INFO: 【收到投票】轮次 7 | 投票者: node-0 | 目标: node-4 | 权重: 1000.00
[2025-11-14 03:49:24] [node-0] INFO: 【收到投票】轮次 7 | 投票者: node-1 | 目标: node-0 | 权重: 800.00
[2025-11-14 03:49:24] [node-0] INFO: 【收到投票】轮次 7 | 投票者: node-3 | 目标: node-0 | 权重: 400.00
[2025-11-14 03:49:24] [node-0] INFO: 【收到投票】轮次 7 | 投票者: node-2 | 目标: node-1 | 权重: 600.00
[2025-11-14 03:49:24] [node-0] INFO: 投票广播完成: 成功 5, 失败 0
[2025-11-14 03:49:24] [node-0] INFO: 投票阶段完成 (耗时: 104 ms)
[2025-11-14 03:49:24] [node-0] INFO:   总投票数: 5
[2025-11-14 03:49:24] [node-0] INFO:   投票参与率: 100.00%
[2025-11-14 03:49:24] [node-0] INFO: ========================================
[2025-11-14 03:49:24] [node-0] INFO: 代理节点选举(基于 5 张投票)
[2025-11-14 03:49:24] [node-0] INFO: ========================================
[2025-11-14 03:49:24] [node-0] INFO: 选举结果：共选出 3 个代理节点
[2025-11-14 03:49:24] [node-0] INFO:   #1: node-0 (得票: 1200.00, 质押: 1000.00, 连任: 3轮)
[2025-11-14 03:49:24] [node-0] INFO:   #2: node-4 (得票: 1000.00, 质押: 200.00, 连任: 1轮)
[2025-11-14 03:49:24] [node-0] INFO:   #3: node-1 (得票: 600.00, 质押: 800.00, 连任: 2轮)
[2025-11-14 03:49:24] [node-0] INFO: ✓ 投票选举完成，开始新一轮出块
[2025-11-14 03:49:24] [node-0] INFO: [ ========= 处理区块 | 高度: 21 =========]
[2025-11-14 03:49:24] [node-0] INFO: ========================================
[2025-11-14 03:49:24] [node-0] INFO: 轮次: 7 | 时隙: 1/3
[2025-11-14 03:49:24] [node-0] INFO: 当前出块节点: node-0
[2025-11-14 03:49:24] [node-0] INFO: ========================================
[2025-11-14 03:49:24] [node-0] INFO: >>> 本节点是当前出块者，开始出块 <<<
[2025-11-14 03:49:24] [node-0] INFO: 【出块阶段】
[2025-11-14 03:49:24] [node-0] INFO: 节点 node-0 开始出块
[2025-11-14 03:49:24] [node-0] INFO:   从交易池获取 100 笔交易
[2025-11-14 03:49:24] [node-0] INFO:   出块耗时: 0 ms
[2025-11-14 03:49:24] [node-0] INFO: >>> 节点 node-0 开始出块 (轮次: 7, 时隙: 1/3)
[2025-11-14 03:49:24] [node-0] INFO: ✓ 区块生产成功 (奖励: 11.00)
[2025-11-14 03:49:24] [node-0] INFO: 收到来自 node-0 的区块 #21
[2025-11-14 03:49:24] [node-0] INFO: 成功广播区块 #21 到 5 个节点
[2025-11-14 03:49:24] [node-0] INFO:   区块广播耗时: 111 ms
[2025-11-14 03:49:24] [node-0] INFO: 节点 node-0 成功出块 #21 (包含 100 笔交易)
[2025-11-14 03:49:24] [node-0] INFO: ========== 测试轮次 9/20 ==========
[Discovery] 当前对等节点数: 5
[2025-11-14 03:49:27] [node-0] INFO: [ ========= 处理区块 | 高度: 22 =========]
[2025-11-14 03:49:27] [node-0] INFO: ========================================
[2025-11-14 03:49:27] [node-0] INFO: 轮次: 7 | 时隙: 2/3
[2025-11-14 03:49:27] [node-0] INFO: 当前出块节点: node-4
[2025-11-14 03:49:27] [node-0] INFO: ========================================
[2025-11-14 03:49:27] [node-0] INFO: 收到来自 node-4 的区块 #22
[Discovery] 当前对等节点数: 5
[2025-11-14 03:49:30] [node-0] INFO: [ ========= 处理区块 | 高度: 23 =========]
[2025-11-14 03:49:30] [node-0] INFO: ========================================
[2025-11-14 03:49:30] [node-0] INFO: 轮次: 7 | 时隙: 3/3
[2025-11-14 03:49:30] [node-0] INFO: 当前出块节点: node-1
[2025-11-14 03:49:30] [node-0] INFO: ========================================
[2025-11-14 03:49:30] [node-0] INFO: 收到来自 node-1 的区块 #23
[2025-11-14 03:49:30] [node-0] INFO: ========== 第 8 轮开始 ==========
[Discovery] 当前对等节点数: 5
[2025-11-14 03:49:33] [node-0] INFO: ========================================
[2025-11-14 03:49:33] [node-0] INFO: 🗳️  新一轮开始 - 启动投票选举
[2025-11-14 03:49:33] [node-0] INFO: ========================================
[2025-11-14 03:49:33] [node-0] INFO: ========================================
[2025-11-14 03:49:33] [node-0] INFO: 第 9 轮投票阶段开始
[2025-11-14 03:49:33] [node-0] INFO: ========================================
[2025-11-14 03:49:33] [node-0] INFO: 投票状态已重置，等待接收投票...
[2025-11-14 03:49:33] [node-0] INFO: 节点 node-0 投票给 node-3 (权重: 1000.00)
[2025-11-14 03:49:33] [node-0] INFO: 【收到投票】轮次 8 | 投票者: node-2 | 目标: node-0 | 权重: 600.00
[2025-11-14 03:49:33] [node-0] INFO: 【收到投票】轮次 8 | 投票者: node-1 | 目标: node-4 | 权重: 800.00
[2025-11-14 03:49:33] [node-0] INFO: 【收到投票】轮次 8 | 投票者: node-4 | 目标: node-3 | 权重: 200.00
[2025-11-14 03:49:33] [node-0] INFO: 【收到投票】轮次 8 | 投票者: node-3 | 目标: node-2 | 权重: 400.00
[2025-11-14 03:49:33] [node-0] INFO: 【收到投票】轮次 8 | 投票者: node-0 | 目标: node-3 | 权重: 1000.00
[2025-11-14 03:49:33] [node-0] INFO: 投票广播完成: 成功 5, 失败 0
[2025-11-14 03:49:33] [node-0] INFO: 投票阶段完成 (耗时: 104 ms)
[2025-11-14 03:49:33] [node-0] INFO:   总投票数: 5
[2025-11-14 03:49:33] [node-0] INFO:   投票参与率: 100.00%
[2025-11-14 03:49:33] [node-0] INFO: ========================================
[2025-11-14 03:49:33] [node-0] INFO: 代理节点选举(基于 5 张投票)
[2025-11-14 03:49:33] [node-0] INFO: ========================================
[2025-11-14 03:49:33] [node-0] INFO: 选举结果：共选出 3 个代理节点
[2025-11-14 03:49:33] [node-0] INFO:   #1: node-3 (得票: 1200.00, 质押: 400.00, 连任: 1轮)
[2025-11-14 03:49:33] [node-0] INFO:   #2: node-4 (得票: 800.00, 质押: 200.00, 连任: 2轮)
[2025-11-14 03:49:33] [node-0] INFO:   #3: node-0 (得票: 600.00, 质押: 1000.00, 连任: 4轮)
[2025-11-14 03:49:33] [node-0] INFO: ✓ 投票选举完成，开始新一轮出块
[2025-11-14 03:49:33] [node-0] INFO: [ ========= 处理区块 | 高度: 24 =========]
[2025-11-14 03:49:33] [node-0] INFO: ========================================
[2025-11-14 03:49:33] [node-0] INFO: 轮次: 8 | 时隙: 1/3
[2025-11-14 03:49:33] [node-0] INFO: 当前出块节点: node-3
[2025-11-14 03:49:33] [node-0] INFO: ========================================
[2025-11-14 03:49:33] [node-0] INFO: 收到来自 node-3 的区块 #24
[2025-11-14 03:49:33] [node-0] INFO: ========== 测试轮次 10/20 ==========
[Discovery] 当前对等节点数: 5
[2025-11-14 03:49:36] [node-0] INFO: [ ========= 处理区块 | 高度: 25 =========]
[2025-11-14 03:49:36] [node-0] INFO: ========================================
[2025-11-14 03:49:36] [node-0] INFO: 轮次: 8 | 时隙: 2/3
[2025-11-14 03:49:36] [node-0] INFO: 当前出块节点: node-4
[2025-11-14 03:49:36] [node-0] INFO: ========================================
[2025-11-14 03:49:36] [node-0] INFO: 收到来自 node-4 的区块 #25
[Discovery] 当前对等节点数: 5
[2025-11-14 03:49:39] [node-0] INFO: [ ========= 处理区块 | 高度: 26 =========]
[2025-11-14 03:49:39] [node-0] INFO: ========================================
[2025-11-14 03:49:39] [node-0] INFO: 轮次: 8 | 时隙: 3/3
[2025-11-14 03:49:39] [node-0] INFO: 当前出块节点: node-0
[2025-11-14 03:49:39] [node-0] INFO: ========================================
[2025-11-14 03:49:39] [node-0] INFO: >>> 本节点是当前出块者，开始出块 <<<
[2025-11-14 03:49:39] [node-0] INFO: 【出块阶段】
[2025-11-14 03:49:39] [node-0] INFO: 节点 node-0 开始出块
[2025-11-14 03:49:39] [node-0] INFO:   从交易池获取 100 笔交易
[2025-11-14 03:49:39] [node-0] INFO:   出块耗时: 0 ms
[2025-11-14 03:49:39] [node-0] INFO: >>> 节点 node-0 开始出块 (轮次: 8, 时隙: 3/3)
[2025-11-14 03:49:39] [node-0] INFO: ✓ 区块生产成功 (奖励: 11.00)
[2025-11-14 03:49:39] [node-0] INFO: 收到来自 node-0 的区块 #26
[2025-11-14 03:49:39] [node-0] INFO: 成功广播区块 #26 到 5 个节点
[2025-11-14 03:49:39] [node-0] INFO:   区块广播耗时: 135 ms
[2025-11-14 03:49:39] [node-0] INFO: 节点 node-0 成功出块 #26 (包含 100 笔交易)
[2025-11-14 03:49:39] [node-0] INFO: ========== 第 9 轮开始 ==========
[Discovery] 当前对等节点数: 5
[2025-11-14 03:49:42] [node-0] INFO: ========================================
[2025-11-14 03:49:42] [node-0] INFO: 🗳️  新一轮开始 - 启动投票选举
[2025-11-14 03:49:42] [node-0] INFO: ========================================
[2025-11-14 03:49:42] [node-0] INFO: ========================================
[2025-11-14 03:49:42] [node-0] INFO: 第 10 轮投票阶段开始
[2025-11-14 03:49:42] [node-0] INFO: ========================================
[2025-11-14 03:49:42] [node-0] INFO: 投票状态已重置，等待接收投票...
[2025-11-14 03:49:42] [node-0] INFO: 节点 node-0 投票给 node-1 (权重: 1000.00)
[2025-11-14 03:49:42] [node-0] INFO: 【收到投票】轮次 9 | 投票者: node-3 | 目标: node-0 | 权重: 400.00
[2025-11-14 03:49:42] [node-0] INFO: 【收到投票】轮次 9 | 投票者: node-2 | 目标: node-3 | 权重: 600.00
[2025-11-14 03:49:42] [node-0] INFO: 【收到投票】轮次 9 | 投票者: node-1 | 目标: node-2 | 权重: 800.00
[2025-11-14 03:49:42] [node-0] INFO: 【收到投票】轮次 9 | 投票者: node-0 | 目标: node-1 | 权重: 1000.00
[2025-11-14 03:49:42] [node-0] INFO: 【收到投票】轮次 9 | 投票者: node-4 | 目标: node-2 | 权重: 200.00
[2025-11-14 03:49:42] [node-0] INFO: 投票广播完成: 成功 5, 失败 0
[2025-11-14 03:49:42] [node-0] INFO: 投票阶段完成 (耗时: 101 ms)
[2025-11-14 03:49:42] [node-0] INFO:   总投票数: 5
[2025-11-14 03:49:42] [node-0] INFO:   投票参与率: 100.00%
[2025-11-14 03:49:42] [node-0] INFO: ========================================
[2025-11-14 03:49:42] [node-0] INFO: 代理节点选举(基于 5 张投票)
[2025-11-14 03:49:42] [node-0] INFO: ========================================
[2025-11-14 03:49:42] [node-0] INFO: 选举结果：共选出 3 个代理节点
[2025-11-14 03:49:42] [node-0] INFO:   #1: node-1 (得票: 1000.00, 质押: 800.00, 连任: 1轮)
[2025-11-14 03:49:42] [node-0] INFO:   #2: node-2 (得票: 1000.00, 质押: 600.00, 连任: 1轮)
[2025-11-14 03:49:42] [node-0] INFO:   #3: node-3 (得票: 600.00, 质押: 400.00, 连任: 2轮)
[2025-11-14 03:49:42] [node-0] INFO: ✓ 投票选举完成，开始新一轮出块
[2025-11-14 03:49:42] [node-0] INFO: [ ========= 处理区块 | 高度: 27 =========]
[2025-11-14 03:49:42] [node-0] INFO: ========================================
[2025-11-14 03:49:42] [node-0] INFO: 轮次: 9 | 时隙: 1/3
[2025-11-14 03:49:42] [node-0] INFO: 当前出块节点: node-1
[2025-11-14 03:49:42] [node-0] INFO: ========================================
[2025-11-14 03:49:42] [node-0] INFO: 收到来自 node-1 的区块 #27
[2025-11-14 03:49:42] [node-0] INFO: 测试进度: 10/20 (50.0%)
[2025-11-14 03:49:42] [node-0] INFO: ========== 测试轮次 11/20 ==========
[Discovery] 当前对等节点数: 5
[2025-11-14 03:49:45] [node-0] INFO: [ ========= 处理区块 | 高度: 28 =========]
[2025-11-14 03:49:45] [node-0] INFO: ========================================
[2025-11-14 03:49:45] [node-0] INFO: 轮次: 9 | 时隙: 2/3
[2025-11-14 03:49:45] [node-0] INFO: 当前出块节点: node-2
[2025-11-14 03:49:45] [node-0] INFO: ========================================
[2025-11-14 03:49:45] [node-0] INFO: 收到来自 node-2 的区块 #28
[Discovery] 当前对等节点数: 5
[2025-11-14 03:49:48] [node-0] INFO: [ ========= 处理区块 | 高度: 29 =========]
[2025-11-14 03:49:48] [node-0] INFO: ========================================
[2025-11-14 03:49:48] [node-0] INFO: 轮次: 9 | 时隙: 3/3
[2025-11-14 03:49:48] [node-0] INFO: 当前出块节点: node-3
[2025-11-14 03:49:48] [node-0] INFO: ========================================
[2025-11-14 03:49:48] [node-0] INFO: 收到来自 node-3 的区块 #29
[2025-11-14 03:49:48] [node-0] INFO: ========== 第 10 轮开始 ==========
[Discovery] 当前对等节点数: 5
[2025-11-14 03:49:51] [node-0] INFO: ========================================
[2025-11-14 03:49:51] [node-0] INFO: 🗳️  新一轮开始 - 启动投票选举
[2025-11-14 03:49:51] [node-0] INFO: ========================================
[2025-11-14 03:49:51] [node-0] INFO: ========================================
[2025-11-14 03:49:51] [node-0] INFO: 第 11 轮投票阶段开始
[2025-11-14 03:49:51] [node-0] INFO: ========================================
[2025-11-14 03:49:51] [node-0] INFO: 投票状态已重置，等待接收投票...
[2025-11-14 03:49:51] [node-0] INFO: 节点 node-0 投票给 node-1 (权重: 1000.00)
[2025-11-14 03:49:51] [node-0] INFO: 【收到投票】轮次 10 | 投票者: node-1 | 目标: node-3 | 权重: 800.00
[2025-11-14 03:49:51] [node-0] INFO: 【收到投票】轮次 10 | 投票者: node-0 | 目标: node-1 | 权重: 1000.00
[2025-11-14 03:49:51] [node-0] INFO: 【收到投票】轮次 10 | 投票者: node-4 | 目标: node-3 | 权重: 200.00
[2025-11-14 03:49:51] [node-0] INFO: 【收到投票】轮次 10 | 投票者: node-3 | 目标: node-4 | 权重: 400.00
[2025-11-14 03:49:51] [node-0] INFO: 【收到投票】轮次 10 | 投票者: node-2 | 目标: node-1 | 权重: 600.00
[2025-11-14 03:49:51] [node-0] INFO: 投票广播完成: 成功 5, 失败 0
[2025-11-14 03:49:51] [node-0] INFO: 投票阶段完成 (耗时: 104 ms)
[2025-11-14 03:49:51] [node-0] INFO:   总投票数: 5
[2025-11-14 03:49:51] [node-0] INFO:   投票参与率: 100.00%
[2025-11-14 03:49:51] [node-0] INFO: ========================================
[2025-11-14 03:49:51] [node-0] INFO: 代理节点选举(基于 5 张投票)
[2025-11-14 03:49:51] [node-0] INFO: ========================================
[2025-11-14 03:49:51] [node-0] INFO: 选举结果：共选出 3 个代理节点
[2025-11-14 03:49:51] [node-0] INFO:   #1: node-1 (得票: 1600.00, 质押: 800.00, 连任: 2轮)
[2025-11-14 03:49:51] [node-0] INFO:   #2: node-3 (得票: 1000.00, 质押: 400.00, 连任: 3轮)
[2025-11-14 03:49:51] [node-0] INFO:   #3: node-0 (得票: 400.00, 质押: 1000.00, 连任: 1轮)
[2025-11-14 03:49:51] [node-0] INFO: ✓ 投票选举完成，开始新一轮出块
[2025-11-14 03:49:51] [node-0] INFO: [ ========= 处理区块 | 高度: 30 =========]
[2025-11-14 03:49:51] [node-0] INFO: ========================================
[2025-11-14 03:49:51] [node-0] INFO: 轮次: 10 | 时隙: 1/3
[2025-11-14 03:49:51] [node-0] INFO: 当前出块节点: node-1
[2025-11-14 03:49:51] [node-0] INFO: ========================================
[2025-11-14 03:49:51] [node-0] INFO: 收到来自 node-1 的区块 #30
[2025-11-14 03:49:51] [node-0] INFO: ========== 测试轮次 12/20 ==========
[Discovery] 当前对等节点数: 5
[2025-11-14 03:49:54] [node-0] INFO: [ ========= 处理区块 | 高度: 31 =========]
[2025-11-14 03:49:54] [node-0] INFO: ========================================
[2025-11-14 03:49:54] [node-0] INFO: 轮次: 10 | 时隙: 2/3
[2025-11-14 03:49:54] [node-0] INFO: 当前出块节点: node-3
[2025-11-14 03:49:54] [node-0] INFO: ========================================
[2025-11-14 03:49:54] [node-0] INFO: 收到来自 node-3 的区块 #31
[Discovery] 当前对等节点数: 5
[2025-11-14 03:49:57] [node-0] INFO: [ ========= 处理区块 | 高度: 32 =========]
[2025-11-14 03:49:57] [node-0] INFO: ========================================
[2025-11-14 03:49:57] [node-0] INFO: 轮次: 10 | 时隙: 3/3
[2025-11-14 03:49:57] [node-0] INFO: 当前出块节点: node-0
[2025-11-14 03:49:57] [node-0] INFO: ========================================
[2025-11-14 03:49:57] [node-0] INFO: >>> 本节点是当前出块者，开始出块 <<<
[2025-11-14 03:49:57] [node-0] INFO: 【出块阶段】
[2025-11-14 03:49:57] [node-0] INFO: 节点 node-0 开始出块
[2025-11-14 03:49:57] [node-0] INFO:   从交易池获取 100 笔交易
[2025-11-14 03:49:57] [node-0] INFO:   出块耗时: 0 ms
[2025-11-14 03:49:57] [node-0] INFO: >>> 节点 node-0 开始出块 (轮次: 10, 时隙: 3/3)
[2025-11-14 03:49:57] [node-0] INFO: ✓ 区块生产成功 (奖励: 11.00)
[2025-11-14 03:49:57] [node-0] INFO: 收到来自 node-0 的区块 #32
[2025-11-14 03:49:57] [node-0] INFO: 成功广播区块 #32 到 5 个节点
[2025-11-14 03:49:57] [node-0] INFO:   区块广播耗时: 98 ms
[2025-11-14 03:49:57] [node-0] INFO: 节点 node-0 成功出块 #32 (包含 100 笔交易)
[2025-11-14 03:49:57] [node-0] INFO: ========== 第 11 轮开始 ==========
[Discovery] 当前对等节点数: 5
[2025-11-14 03:50:00] [node-0] INFO: ========================================
[2025-11-14 03:50:00] [node-0] INFO: 🗳️  新一轮开始 - 启动投票选举
[2025-11-14 03:50:00] [node-0] INFO: ========================================
[2025-11-14 03:50:00] [node-0] INFO: ========================================
[2025-11-14 03:50:00] [node-0] INFO: 第 12 轮投票阶段开始
[2025-11-14 03:50:00] [node-0] INFO: ========================================
[2025-11-14 03:50:00] [node-0] INFO: 投票状态已重置，等待接收投票...
[2025-11-14 03:50:00] [node-0] INFO: 节点 node-0 投票给 node-4 (权重: 1000.00)
[2025-11-14 03:50:00] [node-0] INFO: 【收到投票】轮次 11 | 投票者: node-1 | 目标: node-4 | 权重: 800.00
[2025-11-14 03:50:00] [node-0] INFO: 【收到投票】轮次 11 | 投票者: node-2 | 目标: node-3 | 权重: 600.00
[2025-11-14 03:50:00] [node-0] INFO: 【收到投票】轮次 11 | 投票者: node-4 | 目标: node-3 | 权重: 200.00
[2025-11-14 03:50:00] [node-0] INFO: 【收到投票】轮次 11 | 投票者: node-3 | 目标: node-0 | 权重: 400.00
[2025-11-14 03:50:00] [node-0] INFO: 【收到投票】轮次 11 | 投票者: node-0 | 目标: node-4 | 权重: 1000.00
[2025-11-14 03:50:00] [node-0] INFO: 投票广播完成: 成功 5, 失败 0
[2025-11-14 03:50:00] [node-0] INFO: 投票阶段完成 (耗时: 105 ms)
[2025-11-14 03:50:00] [node-0] INFO:   总投票数: 5
[2025-11-14 03:50:00] [node-0] INFO:   投票参与率: 100.00%
[2025-11-14 03:50:00] [node-0] INFO: ========================================
[2025-11-14 03:50:00] [node-0] INFO: 代理节点选举(基于 5 张投票)
[2025-11-14 03:50:00] [node-0] INFO: ========================================
[2025-11-14 03:50:00] [node-0] INFO: 选举结果：共选出 3 个代理节点
[2025-11-14 03:50:00] [node-0] INFO:   #1: node-4 (得票: 1800.00, 质押: 200.00, 连任: 1轮)
[2025-11-14 03:50:00] [node-0] INFO:   #2: node-3 (得票: 800.00, 质押: 400.00, 连任: 4轮)
[2025-11-14 03:50:00] [node-0] INFO:   #3: node-0 (得票: 400.00, 质押: 1000.00, 连任: 2轮)
[2025-11-14 03:50:00] [node-0] INFO: ✓ 投票选举完成，开始新一轮出块
[2025-11-14 03:50:00] [node-0] INFO: [ ========= 处理区块 | 高度: 33 =========]
[2025-11-14 03:50:00] [node-0] INFO: ========================================
[2025-11-14 03:50:00] [node-0] INFO: 轮次: 11 | 时隙: 1/3
[2025-11-14 03:50:00] [node-0] INFO: 当前出块节点: node-4
[2025-11-14 03:50:00] [node-0] INFO: ========================================
[2025-11-14 03:50:00] [node-0] INFO: 收到来自 node-4 的区块 #33
[2025-11-14 03:50:00] [node-0] INFO: ========== 测试轮次 13/20 ==========
[Discovery] 当前对等节点数: 5
[2025-11-14 03:50:03] [node-0] INFO: [ ========= 处理区块 | 高度: 34 =========]
[2025-11-14 03:50:03] [node-0] INFO: ========================================
[2025-11-14 03:50:03] [node-0] INFO: 轮次: 11 | 时隙: 2/3
[2025-11-14 03:50:03] [node-0] INFO: 当前出块节点: node-3
[2025-11-14 03:50:03] [node-0] INFO: ========================================
[2025-11-14 03:50:03] [node-0] INFO: 收到来自 node-3 的区块 #34
[Discovery] 当前对等节点数: 5
[2025-11-14 03:50:06] [node-0] INFO: [ ========= 处理区块 | 高度: 35 =========]
[2025-11-14 03:50:06] [node-0] INFO: ========================================
[2025-11-14 03:50:06] [node-0] INFO: 轮次: 11 | 时隙: 3/3
[2025-11-14 03:50:06] [node-0] INFO: 当前出块节点: node-0
[2025-11-14 03:50:06] [node-0] INFO: ========================================
[2025-11-14 03:50:06] [node-0] INFO: >>> 本节点是当前出块者，开始出块 <<<
[2025-11-14 03:50:06] [node-0] INFO: 【出块阶段】
[2025-11-14 03:50:06] [node-0] INFO: 节点 node-0 开始出块
[2025-11-14 03:50:06] [node-0] INFO:   从交易池获取 100 笔交易
[2025-11-14 03:50:06] [node-0] INFO:   出块耗时: 0 ms
[2025-11-14 03:50:06] [node-0] INFO: >>> 节点 node-0 开始出块 (轮次: 11, 时隙: 3/3)
[2025-11-14 03:50:06] [node-0] INFO: ✓ 区块生产成功 (奖励: 11.00)
[2025-11-14 03:50:06] [node-0] INFO: 收到来自 node-0 的区块 #35
[2025-11-14 03:50:06] [node-0] INFO: 成功广播区块 #35 到 5 个节点
[2025-11-14 03:50:06] [node-0] INFO:   区块广播耗时: 125 ms
[2025-11-14 03:50:06] [node-0] INFO: 节点 node-0 成功出块 #35 (包含 100 笔交易)
[2025-11-14 03:50:06] [node-0] INFO: ========== 第 12 轮开始 ==========
[Discovery] 当前对等节点数: 5
[2025-11-14 03:50:09] [node-0] INFO: ========================================
[2025-11-14 03:50:09] [node-0] INFO: 🗳️  新一轮开始 - 启动投票选举
[2025-11-14 03:50:09] [node-0] INFO: ========================================
[2025-11-14 03:50:09] [node-0] INFO: ========================================
[2025-11-14 03:50:09] [node-0] INFO: 第 13 轮投票阶段开始
[2025-11-14 03:50:09] [node-0] INFO: ========================================
[2025-11-14 03:50:09] [node-0] INFO: 投票状态已重置，等待接收投票...
[2025-11-14 03:50:09] [node-0] INFO: 节点 node-0 投票给 node-4 (权重: 1000.00)
[2025-11-14 03:50:09] [node-0] INFO: 【收到投票】轮次 12 | 投票者: node-3 | 目标: node-2 | 权重: 400.00
[2025-11-14 03:50:09] [node-0] INFO: 【收到投票】轮次 12 | 投票者: node-1 | 目标: node-4 | 权重: 800.00
[2025-11-14 03:50:09] [node-0] INFO: 【收到投票】轮次 12 | 投票者: node-0 | 目标: node-4 | 权重: 1000.00
[2025-11-14 03:50:09] [node-0] INFO: 【收到投票】轮次 12 | 投票者: node-4 | 目标: node-2 | 权重: 200.00
[2025-11-14 03:50:09] [node-0] INFO: 投票广播完成: 成功 5, 失败 0
[2025-11-14 03:50:09] [node-0] INFO: 【收到投票】轮次 12 | 投票者: node-2 | 目标: node-0 | 权重: 600.00
[2025-11-14 03:50:09] [node-0] INFO: 投票阶段完成 (耗时: 102 ms)
[2025-11-14 03:50:09] [node-0] INFO:   总投票数: 5
[2025-11-14 03:50:09] [node-0] INFO:   投票参与率: 100.00%
[2025-11-14 03:50:09] [node-0] INFO: ========================================
[2025-11-14 03:50:09] [node-0] INFO: 代理节点选举(基于 5 张投票)
[2025-11-14 03:50:09] [node-0] INFO: ========================================
[2025-11-14 03:50:09] [node-0] INFO: 选举结果：共选出 3 个代理节点
[2025-11-14 03:50:09] [node-0] INFO:   #1: node-4 (得票: 1800.00, 质押: 200.00, 连任: 2轮)
[2025-11-14 03:50:09] [node-0] INFO:   #2: node-0 (得票: 600.00, 质押: 1000.00, 连任: 3轮)
[2025-11-14 03:50:09] [node-0] INFO:   #3: node-2 (得票: 600.00, 质押: 600.00, 连任: 1轮)
[2025-11-14 03:50:09] [node-0] INFO: ✓ 投票选举完成，开始新一轮出块
[2025-11-14 03:50:09] [node-0] INFO: [ ========= 处理区块 | 高度: 36 =========]
[2025-11-14 03:50:09] [node-0] INFO: ========================================
[2025-11-14 03:50:09] [node-0] INFO: 轮次: 12 | 时隙: 1/3
[2025-11-14 03:50:09] [node-0] INFO: 当前出块节点: node-4
[2025-11-14 03:50:09] [node-0] INFO: ========================================
[2025-11-14 03:50:09] [node-0] INFO: 收到来自 node-4 的区块 #36
[2025-11-14 03:50:09] [node-0] INFO: ========== 测试轮次 14/20 ==========
[Discovery] 当前对等节点数: 5
[2025-11-14 03:50:12] [node-0] INFO: [ ========= 处理区块 | 高度: 37 =========]
[2025-11-14 03:50:12] [node-0] INFO: ========================================
[2025-11-14 03:50:12] [node-0] INFO: 轮次: 12 | 时隙: 2/3
[2025-11-14 03:50:12] [node-0] INFO: 当前出块节点: node-0
[2025-11-14 03:50:12] [node-0] INFO: ========================================
[2025-11-14 03:50:12] [node-0] INFO: >>> 本节点是当前出块者，开始出块 <<<
[2025-11-14 03:50:12] [node-0] INFO: 【出块阶段】
[2025-11-14 03:50:12] [node-0] INFO: 节点 node-0 开始出块
[2025-11-14 03:50:12] [node-0] INFO:   从交易池获取 100 笔交易
[2025-11-14 03:50:12] [node-0] INFO:   出块耗时: 0 ms
[2025-11-14 03:50:12] [node-0] INFO: >>> 节点 node-0 开始出块 (轮次: 12, 时隙: 2/3)
[2025-11-14 03:50:12] [node-0] INFO: ✓ 区块生产成功 (奖励: 11.00)
[2025-11-14 03:50:12] [node-0] INFO: 收到来自 node-0 的区块 #37
[2025-11-14 03:50:12] [node-0] INFO: 成功广播区块 #37 到 5 个节点
[2025-11-14 03:50:12] [node-0] INFO:   区块广播耗时: 88 ms
[2025-11-14 03:50:12] [node-0] INFO: 节点 node-0 成功出块 #37 (包含 100 笔交易)
[Discovery] 当前对等节点数: 5
[2025-11-14 03:50:15] [node-0] INFO: [ ========= 处理区块 | 高度: 38 =========]
[2025-11-14 03:50:15] [node-0] INFO: ========================================
[2025-11-14 03:50:15] [node-0] INFO: 轮次: 12 | 时隙: 3/3
[2025-11-14 03:50:15] [node-0] INFO: 当前出块节点: node-2
[2025-11-14 03:50:15] [node-0] INFO: ========================================
[2025-11-14 03:50:15] [node-0] INFO: 收到来自 node-2 的区块 #38
[2025-11-14 03:50:15] [node-0] INFO: ========== 第 13 轮开始 ==========
[Discovery] 当前对等节点数: 5
[2025-11-14 03:50:18] [node-0] INFO: ========================================
[2025-11-14 03:50:18] [node-0] INFO: 🗳️  新一轮开始 - 启动投票选举
[2025-11-14 03:50:18] [node-0] INFO: ========================================
[2025-11-14 03:50:18] [node-0] INFO: ========================================
[2025-11-14 03:50:18] [node-0] INFO: 第 14 轮投票阶段开始
[2025-11-14 03:50:18] [node-0] INFO: ========================================
[2025-11-14 03:50:18] [node-0] INFO: 投票状态已重置，等待接收投票...
[2025-11-14 03:50:18] [node-0] INFO: 节点 node-0 投票给 node-3 (权重: 1000.00)
[2025-11-14 03:50:18] [node-0] INFO: 【收到投票】轮次 13 | 投票者: node-1 | 目标: node-0 | 权重: 800.00
[2025-11-14 03:50:18] [node-0] INFO: 【收到投票】轮次 13 | 投票者: node-3 | 目标: node-4 | 权重: 400.00
[2025-11-14 03:50:18] [node-0] INFO: 【收到投票】轮次 13 | 投票者: node-4 | 目标: node-0 | 权重: 200.00
[2025-11-14 03:50:18] [node-0] INFO: 【收到投票】轮次 13 | 投票者: node-0 | 目标: node-3 | 权重: 1000.00
[2025-11-14 03:50:18] [node-0] INFO: 投票广播完成: 成功 5, 失败 0
[2025-11-14 03:50:18] [node-0] INFO: 【收到投票】轮次 13 | 投票者: node-2 | 目标: node-0 | 权重: 600.00
[2025-11-14 03:50:18] [node-0] INFO: 投票阶段完成 (耗时: 105 ms)
[2025-11-14 03:50:18] [node-0] INFO:   总投票数: 5
[2025-11-14 03:50:18] [node-0] INFO:   投票参与率: 100.00%
[2025-11-14 03:50:18] [node-0] INFO: ========================================
[2025-11-14 03:50:18] [node-0] INFO: 代理节点选举(基于 5 张投票)
[2025-11-14 03:50:18] [node-0] INFO: ========================================
[2025-11-14 03:50:18] [node-0] INFO: 选举结果：共选出 3 个代理节点
[2025-11-14 03:50:18] [node-0] INFO:   #1: node-0 (得票: 1600.00, 质押: 1000.00, 连任: 4轮)
[2025-11-14 03:50:18] [node-0] INFO:   #2: node-3 (得票: 1000.00, 质押: 400.00, 连任: 1轮)
[2025-11-14 03:50:18] [node-0] INFO:   #3: node-2 (得票: 600.00, 质押: 600.00, 连任: 2轮)
[2025-11-14 03:50:18] [node-0] INFO: ✓ 投票选举完成，开始新一轮出块
[2025-11-14 03:50:18] [node-0] INFO: [ ========= 处理区块 | 高度: 39 =========]
[2025-11-14 03:50:18] [node-0] INFO: ========================================
[2025-11-14 03:50:18] [node-0] INFO: 轮次: 13 | 时隙: 1/3
[2025-11-14 03:50:18] [node-0] INFO: 当前出块节点: node-0
[2025-11-14 03:50:18] [node-0] INFO: ========================================
[2025-11-14 03:50:18] [node-0] INFO: >>> 本节点是当前出块者，开始出块 <<<
[2025-11-14 03:50:18] [node-0] INFO: 【出块阶段】
[2025-11-14 03:50:18] [node-0] INFO: 节点 node-0 开始出块
[2025-11-14 03:50:18] [node-0] INFO:   从交易池获取 100 笔交易
[2025-11-14 03:50:18] [node-0] INFO:   出块耗时: 0 ms
[2025-11-14 03:50:18] [node-0] INFO: >>> 节点 node-0 开始出块 (轮次: 13, 时隙: 1/3)
[2025-11-14 03:50:18] [node-0] INFO: ✓ 区块生产成功 (奖励: 11.00)
[2025-11-14 03:50:18] [node-0] INFO: 收到来自 node-0 的区块 #39
[2025-11-14 03:50:18] [node-0] INFO: 成功广播区块 #39 到 5 个节点
[2025-11-14 03:50:18] [node-0] INFO:   区块广播耗时: 117 ms
[2025-11-14 03:50:18] [node-0] INFO: 节点 node-0 成功出块 #39 (包含 100 笔交易)
[2025-11-14 03:50:18] [node-0] INFO: ========== 测试轮次 15/20 ==========
[Discovery] 当前对等节点数: 5
[2025-11-14 03:50:21] [node-0] INFO: [ ========= 处理区块 | 高度: 40 =========]
[2025-11-14 03:50:21] [node-0] INFO: ========================================
[2025-11-14 03:50:21] [node-0] INFO: 轮次: 13 | 时隙: 2/3
[2025-11-14 03:50:21] [node-0] INFO: 当前出块节点: node-3
[2025-11-14 03:50:21] [node-0] INFO: ========================================
[2025-11-14 03:50:21] [node-0] INFO: 收到来自 node-3 的区块 #40
[Discovery] 当前对等节点数: 5
[2025-11-14 03:50:24] [node-0] INFO: [ ========= 处理区块 | 高度: 41 =========]
[2025-11-14 03:50:24] [node-0] INFO: ========================================
[2025-11-14 03:50:24] [node-0] INFO: 轮次: 13 | 时隙: 3/3
[2025-11-14 03:50:24] [node-0] INFO: 当前出块节点: node-2
[2025-11-14 03:50:24] [node-0] INFO: ========================================
[2025-11-14 03:50:24] [node-0] INFO: ========== 第 14 轮开始 ==========
[Discovery] 当前对等节点数: 5
[2025-11-14 03:50:27] [node-0] INFO: ========================================
[2025-11-14 03:50:27] [node-0] INFO: 🗳️  新一轮开始 - 启动投票选举
[2025-11-14 03:50:27] [node-0] INFO: ========================================
[2025-11-14 03:50:27] [node-0] INFO: ========================================
[2025-11-14 03:50:27] [node-0] INFO: 第 15 轮投票阶段开始
[2025-11-14 03:50:27] [node-0] INFO: ========================================
[2025-11-14 03:50:27] [node-0] INFO: 投票状态已重置，等待接收投票...
[2025-11-14 03:50:27] [node-0] INFO: 节点 node-0 投票给 node-2 (权重: 1000.00)
[2025-11-14 03:50:27] [node-0] INFO: 【收到投票】轮次 14 | 投票者: node-0 | 目标: node-2 | 权重: 1000.00
[2025-11-14 03:50:27] [node-0] INFO: 【收到投票】轮次 14 | 投票者: node-1 | 目标: node-3 | 权重: 800.00
[2025-11-14 03:50:27] [node-0] INFO: 【收到投票】轮次 14 | 投票者: node-2 | 目标: node-1 | 权重: 600.00
[2025-11-14 03:50:27] [node-0] INFO: 【收到投票】轮次 14 | 投票者: node-3 | 目标: node-1 | 权重: 400.00
[2025-11-14 03:50:27] [node-0] INFO: 【收到投票】轮次 14 | 投票者: node-4 | 目标: node-3 | 权重: 200.00
[2025-11-14 03:50:27] [node-0] INFO: 投票广播完成: 成功 5, 失败 0
[2025-11-14 03:50:27] [node-0] INFO: 投票阶段完成 (耗时: 104 ms)
[2025-11-14 03:50:27] [node-0] INFO:   总投票数: 5
[2025-11-14 03:50:27] [node-0] INFO:   投票参与率: 100.00%
[2025-11-14 03:50:27] [node-0] INFO: ========================================
[2025-11-14 03:50:27] [node-0] INFO: 代理节点选举(基于 5 张投票)
[2025-11-14 03:50:27] [node-0] INFO: ========================================
[2025-11-14 03:50:27] [node-0] INFO: 选举结果：共选出 3 个代理节点
[2025-11-14 03:50:27] [node-0] INFO:   #1: node-1 (得票: 1000.00, 质押: 800.00, 连任: 1轮)
[2025-11-14 03:50:27] [node-0] INFO:   #2: node-2 (得票: 1000.00, 质押: 600.00, 连任: 3轮)
[2025-11-14 03:50:27] [node-0] INFO:   #3: node-3 (得票: 1000.00, 质押: 400.00, 连任: 2轮)
[2025-11-14 03:50:27] [node-0] INFO: ✓ 投票选举完成，开始新一轮出块
[2025-11-14 03:50:27] [node-0] INFO: [ ========= 处理区块 | 高度: 42 =========]
[2025-11-14 03:50:27] [node-0] INFO: ========================================
[2025-11-14 03:50:27] [node-0] INFO: 轮次: 14 | 时隙: 1/3
[2025-11-14 03:50:27] [node-0] INFO: 当前出块节点: node-1
[2025-11-14 03:50:27] [node-0] INFO: ========================================
[2025-11-14 03:50:27] [node-0] INFO: 收到来自 node-1 的区块 #41
[2025-11-14 03:50:27] [node-0] INFO: ========== 测试轮次 16/20 ==========
[Discovery] 当前对等节点数: 5
[2025-11-14 03:50:30] [node-0] INFO: [ ========= 处理区块 | 高度: 43 =========]
[2025-11-14 03:50:30] [node-0] INFO: ========================================
[2025-11-14 03:50:30] [node-0] INFO: 轮次: 14 | 时隙: 2/3
[2025-11-14 03:50:30] [node-0] INFO: 当前出块节点: node-2
[2025-11-14 03:50:30] [node-0] INFO: ========================================
[2025-11-14 03:50:30] [node-0] INFO: 收到来自 node-2 的区块 #42
[Discovery] 当前对等节点数: 5
[2025-11-14 03:50:33] [node-0] INFO: [ ========= 处理区块 | 高度: 44 =========]
[2025-11-14 03:50:33] [node-0] INFO: ========================================
[2025-11-14 03:50:33] [node-0] INFO: 轮次: 14 | 时隙: 3/3
[2025-11-14 03:50:33] [node-0] INFO: 当前出块节点: node-3
[2025-11-14 03:50:33] [node-0] INFO: ========================================
[2025-11-14 03:50:33] [node-0] INFO: 收到来自 node-3 的区块 #43
[2025-11-14 03:50:33] [node-0] INFO: ========== 第 15 轮开始 ==========
[Discovery] 当前对等节点数: 5
[2025-11-14 03:50:36] [node-0] INFO: ========================================
[2025-11-14 03:50:36] [node-0] INFO: 🗳️  新一轮开始 - 启动投票选举
[2025-11-14 03:50:36] [node-0] INFO: ========================================
[2025-11-14 03:50:36] [node-0] INFO: ========================================
[2025-11-14 03:50:36] [node-0] INFO: 第 16 轮投票阶段开始
[2025-11-14 03:50:36] [node-0] INFO: ========================================
[2025-11-14 03:50:36] [node-0] INFO: 投票状态已重置，等待接收投票...
[2025-11-14 03:50:36] [node-0] INFO: 节点 node-0 投票给 node-3 (权重: 1000.00)
[2025-11-14 03:50:36] [node-0] INFO: 【收到投票】轮次 15 | 投票者: node-0 | 目标: node-3 | 权重: 1000.00
[2025-11-14 03:50:36] [node-0] INFO: 【收到投票】轮次 15 | 投票者: node-4 | 目标: node-2 | 权重: 200.00
[2025-11-14 03:50:36] [node-0] INFO: 【收到投票】轮次 15 | 投票者: node-1 | 目标: node-4 | 权重: 800.00
[2025-11-14 03:50:36] [node-0] INFO: 【收到投票】轮次 15 | 投票者: node-3 | 目标: node-2 | 权重: 400.00
[2025-11-14 03:50:36] [node-0] INFO: 【收到投票】轮次 15 | 投票者: node-2 | 目标: node-4 | 权重: 600.00
[2025-11-14 03:50:36] [node-0] INFO: 投票广播完成: 成功 5, 失败 0
[2025-11-14 03:50:36] [node-0] INFO: 投票阶段完成 (耗时: 102 ms)
[2025-11-14 03:50:36] [node-0] INFO:   总投票数: 5
[2025-11-14 03:50:36] [node-0] INFO:   投票参与率: 100.00%
[2025-11-14 03:50:36] [node-0] INFO: ========================================
[2025-11-14 03:50:36] [node-0] INFO: 代理节点选举(基于 5 张投票)
[2025-11-14 03:50:36] [node-0] INFO: ========================================
[2025-11-14 03:50:36] [node-0] INFO: 选举结果：共选出 3 个代理节点
[2025-11-14 03:50:36] [node-0] INFO:   #1: node-4 (得票: 1400.00, 质押: 200.00, 连任: 1轮)
[2025-11-14 03:50:36] [node-0] INFO:   #2: node-3 (得票: 1000.00, 质押: 400.00, 连任: 3轮)
[2025-11-14 03:50:36] [node-0] INFO:   #3: node-2 (得票: 600.00, 质押: 600.00, 连任: 4轮)
[2025-11-14 03:50:36] [node-0] INFO: ✓ 投票选举完成，开始新一轮出块
[2025-11-14 03:50:36] [node-0] INFO: [ ========= 处理区块 | 高度: 45 =========]
[2025-11-14 03:50:36] [node-0] INFO: ========================================
[2025-11-14 03:50:36] [node-0] INFO: 轮次: 15 | 时隙: 1/3
[2025-11-14 03:50:36] [node-0] INFO: 当前出块节点: node-4
[2025-11-14 03:50:36] [node-0] INFO: ========================================
[2025-11-14 03:50:36] [node-0] INFO: 收到来自 node-4 的区块 #44
[2025-11-14 03:50:36] [node-0] INFO: ========== 测试轮次 17/20 ==========
[Discovery] 当前对等节点数: 5
[2025-11-14 03:50:39] [node-0] INFO: [ ========= 处理区块 | 高度: 46 =========]
[2025-11-14 03:50:39] [node-0] INFO: ========================================
[2025-11-14 03:50:39] [node-0] INFO: 轮次: 15 | 时隙: 2/3
[2025-11-14 03:50:39] [node-0] INFO: 当前出块节点: node-3
[2025-11-14 03:50:39] [node-0] INFO: ========================================
[2025-11-14 03:50:39] [node-0] INFO: 收到来自 node-3 的区块 #45
[Discovery] 当前对等节点数: 5
[2025-11-14 03:50:42] [node-0] INFO: [ ========= 处理区块 | 高度: 47 =========]
[2025-11-14 03:50:42] [node-0] INFO: ========================================
[2025-11-14 03:50:42] [node-0] INFO: 轮次: 15 | 时隙: 3/3
[2025-11-14 03:50:42] [node-0] INFO: 当前出块节点: node-2
[2025-11-14 03:50:42] [node-0] INFO: ========================================
[2025-11-14 03:50:42] [node-0] INFO: 收到来自 node-2 的区块 #46
[2025-11-14 03:50:42] [node-0] INFO: ========== 第 16 轮开始 ==========
[Discovery] 当前对等节点数: 5
[2025-11-14 03:50:45] [node-0] INFO: ========================================
[2025-11-14 03:50:45] [node-0] INFO: 🗳️  新一轮开始 - 启动投票选举
[2025-11-14 03:50:45] [node-0] INFO: ========================================
[2025-11-14 03:50:45] [node-0] INFO: ========================================
[2025-11-14 03:50:45] [node-0] INFO: 第 17 轮投票阶段开始
[2025-11-14 03:50:45] [node-0] INFO: ========================================
[2025-11-14 03:50:45] [node-0] INFO: 投票状态已重置，等待接收投票...
[2025-11-14 03:50:45] [node-0] INFO: 节点 node-0 投票给 node-3 (权重: 1000.00)
[2025-11-14 03:50:45] [node-0] INFO: 【收到投票】轮次 16 | 投票者: node-0 | 目标: node-3 | 权重: 1000.00
[2025-11-14 03:50:45] [node-0] INFO: 【收到投票】轮次 16 | 投票者: node-3 | 目标: node-2 | 权重: 400.00
[2025-11-14 03:50:45] [node-0] INFO: 【收到投票】轮次 16 | 投票者: node-4 | 目标: node-1 | 权重: 200.00
[2025-11-14 03:50:45] [node-0] INFO: 【收到投票】轮次 16 | 投票者: node-1 | 目标: node-2 | 权重: 800.00
[2025-11-14 03:50:45] [node-0] INFO: 【收到投票】轮次 16 | 投票者: node-2 | 目标: node-3 | 权重: 600.00
[2025-11-14 03:50:45] [node-0] INFO: 投票广播完成: 成功 5, 失败 0
[2025-11-14 03:50:45] [node-0] INFO: 投票阶段完成 (耗时: 103 ms)
[2025-11-14 03:50:45] [node-0] INFO:   总投票数: 5
[2025-11-14 03:50:45] [node-0] INFO:   投票参与率: 100.00%
[2025-11-14 03:50:45] [node-0] INFO: ========================================
[2025-11-14 03:50:45] [node-0] INFO: 代理节点选举(基于 5 张投票)
[2025-11-14 03:50:45] [node-0] INFO: ========================================
[2025-11-14 03:50:45] [node-0] INFO: 选举结果：共选出 3 个代理节点
[2025-11-14 03:50:45] [node-0] INFO:   #1: node-3 (得票: 1600.00, 质押: 400.00, 连任: 4轮)
[2025-11-14 03:50:45] [node-0] INFO:   #2: node-2 (得票: 1200.00, 质押: 600.00, 连任: 5轮)
[2025-11-14 03:50:45] [node-0] INFO:   #3: node-1 (得票: 200.00, 质押: 800.00, 连任: 1轮)
[2025-11-14 03:50:45] [node-0] INFO: ✓ 投票选举完成，开始新一轮出块
[2025-11-14 03:50:45] [node-0] INFO: [ ========= 处理区块 | 高度: 48 =========]
[2025-11-14 03:50:45] [node-0] INFO: ========================================
[2025-11-14 03:50:45] [node-0] INFO: 轮次: 16 | 时隙: 1/3
[2025-11-14 03:50:45] [node-0] INFO: 当前出块节点: node-3
[2025-11-14 03:50:45] [node-0] INFO: ========================================
[2025-11-14 03:50:45] [node-0] INFO: 收到来自 node-3 的区块 #47
[2025-11-14 03:50:45] [node-0] INFO: ========== 测试轮次 18/20 ==========
[Discovery] 当前对等节点数: 5
[2025-11-14 03:50:48] [node-0] INFO: [ ========= 处理区块 | 高度: 49 =========]
[2025-11-14 03:50:48] [node-0] INFO: ========================================
[2025-11-14 03:50:48] [node-0] INFO: 轮次: 16 | 时隙: 2/3
[2025-11-14 03:50:48] [node-0] INFO: 当前出块节点: node-2
[2025-11-14 03:50:48] [node-0] INFO: ========================================
[2025-11-14 03:50:48] [node-0] INFO: 收到来自 node-2 的区块 #48
[Discovery] 当前对等节点数: 5
[2025-11-14 03:50:51] [node-0] INFO: [ ========= 处理区块 | 高度: 50 =========]
[2025-11-14 03:50:51] [node-0] INFO: ========================================
[2025-11-14 03:50:51] [node-0] INFO: 轮次: 16 | 时隙: 3/3
[2025-11-14 03:50:51] [node-0] INFO: 当前出块节点: node-1
[2025-11-14 03:50:51] [node-0] INFO: ========================================
[2025-11-14 03:50:51] [node-0] INFO: 收到来自 node-1 的区块 #49
[2025-11-14 03:50:51] [node-0] INFO: ========== 第 17 轮开始 ==========
[Discovery] 当前对等节点数: 5
[2025-11-14 03:50:54] [node-0] INFO: ========================================
[2025-11-14 03:50:54] [node-0] INFO: 🗳️  新一轮开始 - 启动投票选举
[2025-11-14 03:50:54] [node-0] INFO: ========================================
[2025-11-14 03:50:54] [node-0] INFO: ========================================
[2025-11-14 03:50:54] [node-0] INFO: 第 18 轮投票阶段开始
[2025-11-14 03:50:54] [node-0] INFO: ========================================
[2025-11-14 03:50:54] [node-0] INFO: 投票状态已重置，等待接收投票...
[2025-11-14 03:50:54] [node-0] INFO: 节点 node-0 投票给 node-3 (权重: 1000.00)
[2025-11-14 03:50:54] [node-0] INFO: 【收到投票】轮次 17 | 投票者: node-3 | 目标: node-0 | 权重: 400.00
[2025-11-14 03:50:54] [node-0] INFO: 【收到投票】轮次 17 | 投票者: node-2 | 目标: node-1 | 权重: 600.00
[2025-11-14 03:50:54] [node-0] INFO: 【收到投票】轮次 17 | 投票者: node-0 | 目标: node-3 | 权重: 1000.00
[2025-11-14 03:50:54] [node-0] INFO: 【收到投票】轮次 17 | 投票者: node-4 | 目标: node-0 | 权重: 200.00
[2025-11-14 03:50:54] [node-0] INFO: 投票广播完成: 成功 5, 失败 0
[2025-11-14 03:50:54] [node-0] INFO: 【收到投票】轮次 17 | 投票者: node-1 | 目标: node-2 | 权重: 800.00
[2025-11-14 03:50:54] [node-0] INFO: 投票阶段完成 (耗时: 102 ms)
[2025-11-14 03:50:54] [node-0] INFO:   总投票数: 5
[2025-11-14 03:50:54] [node-0] INFO:   投票参与率: 100.00%
[2025-11-14 03:50:54] [node-0] INFO: ========================================
[2025-11-14 03:50:54] [node-0] INFO: 代理节点选举(基于 5 张投票)
[2025-11-14 03:50:54] [node-0] INFO: ========================================
[2025-11-14 03:50:54] [node-0] INFO: 选举结果：共选出 3 个代理节点
[2025-11-14 03:50:54] [node-0] INFO:   #1: node-3 (得票: 1000.00, 质押: 400.00, 连任: 5轮)
[2025-11-14 03:50:54] [node-0] INFO:   #2: node-2 (得票: 800.00, 质押: 600.00, 连任: 6轮)
[2025-11-14 03:50:54] [node-0] INFO:   #3: node-0 (得票: 600.00, 质押: 1000.00, 连任: 1轮)
[2025-11-14 03:50:54] [node-0] INFO: ✓ 投票选举完成，开始新一轮出块
[2025-11-14 03:50:54] [node-0] INFO: [ ========= 处理区块 | 高度: 51 =========]
[2025-11-14 03:50:54] [node-0] INFO: ========================================
[2025-11-14 03:50:54] [node-0] INFO: 轮次: 17 | 时隙: 1/3
[2025-11-14 03:50:54] [node-0] INFO: 当前出块节点: node-3
[2025-11-14 03:50:54] [node-0] INFO: ========================================
[2025-11-14 03:50:54] [node-0] INFO: 收到来自 node-3 的区块 #50
[2025-11-14 03:50:54] [node-0] INFO: ========== 测试轮次 19/20 ==========
[Discovery] 当前对等节点数: 5
[2025-11-14 03:50:57] [node-0] INFO: [ ========= 处理区块 | 高度: 52 =========]
[2025-11-14 03:50:57] [node-0] INFO: ========================================
[2025-11-14 03:50:57] [node-0] INFO: 轮次: 17 | 时隙: 2/3
[2025-11-14 03:50:57] [node-0] INFO: 当前出块节点: node-2
[2025-11-14 03:50:57] [node-0] INFO: ========================================
[2025-11-14 03:50:57] [node-0] INFO: 收到来自 node-2 的区块 #51
[Discovery] 当前对等节点数: 5
[2025-11-14 03:51:00] [node-0] INFO: [ ========= 处理区块 | 高度: 53 =========]
[2025-11-14 03:51:00] [node-0] INFO: ========================================
[2025-11-14 03:51:00] [node-0] INFO: 轮次: 17 | 时隙: 3/3
[2025-11-14 03:51:00] [node-0] INFO: 当前出块节点: node-0
[2025-11-14 03:51:00] [node-0] INFO: ========================================
[2025-11-14 03:51:00] [node-0] INFO: >>> 本节点是当前出块者，开始出块 <<<
[2025-11-14 03:51:00] [node-0] INFO: 【出块阶段】
[2025-11-14 03:51:00] [node-0] INFO: 节点 node-0 开始出块
[2025-11-14 03:51:00] [node-0] INFO:   从交易池获取 100 笔交易
[2025-11-14 03:51:00] [node-0] INFO:   出块耗时: 0 ms
[2025-11-14 03:51:00] [node-0] INFO: >>> 节点 node-0 开始出块 (轮次: 17, 时隙: 3/3)
[2025-11-14 03:51:00] [node-0] INFO: ✓ 区块生产成功 (奖励: 11.00)
[2025-11-14 03:51:00] [node-0] INFO: 收到来自 node-0 的区块 #52
[2025-11-14 03:51:00] [node-0] INFO: 成功广播区块 #52 到 5 个节点
[2025-11-14 03:51:00] [node-0] INFO:   区块广播耗时: 99 ms
[2025-11-14 03:51:00] [node-0] INFO: 节点 node-0 成功出块 #52 (包含 100 笔交易)
[2025-11-14 03:51:00] [node-0] INFO: ========== 第 18 轮开始 ==========
[Discovery] 当前对等节点数: 5
[2025-11-14 03:51:03] [node-0] INFO: 【收到投票】轮次 18 | 投票者: node-2 | 目标: node-1 | 权重: 600.00
[2025-11-14 03:51:03] [node-0] WARN: 当前不在投票阶段，忽略投票
[2025-11-14 03:51:03] [node-0] INFO: 【收到投票】轮次 18 | 投票者: node-1 | 目标: node-0 | 权重: 800.00
[2025-11-14 03:51:03] [node-0] WARN: 当前不在投票阶段，忽略投票
[2025-11-14 03:51:03] [node-0] INFO: ========================================
[2025-11-14 03:51:03] [node-0] INFO: 🗳️  新一轮开始 - 启动投票选举
[2025-11-14 03:51:03] [node-0] INFO: ========================================
[2025-11-14 03:51:03] [node-0] INFO: ========================================
[2025-11-14 03:51:03] [node-0] INFO: 第 19 轮投票阶段开始
[2025-11-14 03:51:03] [node-0] INFO: ========================================
[2025-11-14 03:51:03] [node-0] INFO: 投票状态已重置，等待接收投票...
[2025-11-14 03:51:03] [node-0] INFO: 节点 node-0 投票给 node-2 (权重: 1000.00)
[2025-11-14 03:51:03] [node-0] INFO: 【收到投票】轮次 18 | 投票者: node-4 | 目标: node-3 | 权重: 200.00
[2025-11-14 03:51:03] [node-0] INFO: 【收到投票】轮次 18 | 投票者: node-3 | 目标: node-1 | 权重: 400.00
[2025-11-14 03:51:03] [node-0] INFO: 【收到投票】轮次 18 | 投票者: node-0 | 目标: node-2 | 权重: 1000.00
[2025-11-14 03:51:03] [node-0] INFO: 投票广播完成: 成功 5, 失败 0
[2025-11-14 03:51:03] [node-0] INFO: 投票阶段完成 (耗时: 104 ms)
[2025-11-14 03:51:03] [node-0] INFO:   总投票数: 3
[2025-11-14 03:51:03] [node-0] INFO:   投票参与率: 53.33%
[2025-11-14 03:51:03] [node-0] INFO: ========================================
[2025-11-14 03:51:03] [node-0] INFO: 代理节点选举(基于 3 张投票)
[2025-11-14 03:51:03] [node-0] INFO: ========================================
[2025-11-14 03:51:03] [node-0] INFO: 选举结果：共选出 3 个代理节点
[2025-11-14 03:51:03] [node-0] INFO:   #1: node-2 (得票: 1000.00, 质押: 600.00, 连任: 7轮)
[2025-11-14 03:51:03] [node-0] INFO:   #2: node-1 (得票: 400.00, 质押: 800.00, 连任: 1轮)
[2025-11-14 03:51:03] [node-0] INFO:   #3: node-3 (得票: 200.00, 质押: 400.00, 连任: 6轮)
[2025-11-14 03:51:03] [node-0] INFO: ✓ 投票选举完成，开始新一轮出块
[2025-11-14 03:51:03] [node-0] INFO: [ ========= 处理区块 | 高度: 54 =========]
[2025-11-14 03:51:03] [node-0] INFO: ========================================
[2025-11-14 03:51:03] [node-0] INFO: 轮次: 18 | 时隙: 1/3
[2025-11-14 03:51:03] [node-0] INFO: 当前出块节点: node-2
[2025-11-14 03:51:03] [node-0] INFO: ========================================
[2025-11-14 03:51:03] [node-0] INFO: 收到来自 node-1 的区块 #53
[2025-11-14 03:51:03] [node-0] INFO: ========== 测试轮次 20/20 ==========
[Discovery] 当前对等节点数: 5
[2025-11-14 03:51:06] [node-0] INFO: [ ========= 处理区块 | 高度: 55 =========]
[2025-11-14 03:51:06] [node-0] INFO: ========================================
[2025-11-14 03:51:06] [node-0] INFO: 轮次: 18 | 时隙: 2/3
[2025-11-14 03:51:06] [node-0] INFO: 当前出块节点: node-1
[2025-11-14 03:51:06] [node-0] INFO: ========================================
[2025-11-14 03:51:06] [node-0] INFO: 收到来自 node-2 的区块 #54
[Discovery] 当前对等节点数: 5
[2025-11-14 03:51:09] [node-0] INFO: [ ========= 处理区块 | 高度: 56 =========]
[2025-11-14 03:51:09] [node-0] INFO: ========================================
[2025-11-14 03:51:09] [node-0] INFO: 轮次: 18 | 时隙: 3/3
[2025-11-14 03:51:09] [node-0] INFO: 当前出块节点: node-3
[2025-11-14 03:51:09] [node-0] INFO: ========================================
[2025-11-14 03:51:09] [node-0] INFO: ========== 第 19 轮开始 ==========
[Discovery] 当前对等节点数: 5
[2025-11-14 03:51:12] [node-0] INFO: ========================================
[2025-11-14 03:51:12] [node-0] INFO: 🗳️  新一轮开始 - 启动投票选举
[2025-11-14 03:51:12] [node-0] INFO: ========================================
[2025-11-14 03:51:12] [node-0] INFO: ========================================
[2025-11-14 03:51:12] [node-0] INFO: 第 20 轮投票阶段开始
[2025-11-14 03:51:12] [node-0] INFO: ========================================
[2025-11-14 03:51:12] [node-0] INFO: 投票状态已重置，等待接收投票...
[2025-11-14 03:51:12] [node-0] INFO: 节点 node-0 投票给 node-2 (权重: 1000.00)
[2025-11-14 03:51:12] [node-0] INFO: 【收到投票】轮次 19 | 投票者: node-0 | 目标: node-2 | 权重: 1000.00
[2025-11-14 03:51:12] [node-0] INFO: 【收到投票】轮次 19 | 投票者: node-1 | 目标: node-3 | 权重: 800.00
[2025-11-14 03:51:12] [node-0] INFO: 【收到投票】轮次 19 | 投票者: node-4 | 目标: node-2 | 权重: 200.00
[2025-11-14 03:51:12] [node-0] INFO: 投票广播完成: 成功 5, 失败 0
[2025-11-14 03:51:12] [node-0] INFO: 【收到投票】轮次 19 | 投票者: node-2 | 目标: node-3 | 权重: 600.00
[2025-11-14 03:51:12] [node-0] INFO: 【收到投票】轮次 19 | 投票者: node-3 | 目标: node-0 | 权重: 400.00
[2025-11-14 03:51:12] [node-0] INFO: 投票阶段完成 (耗时: 102 ms)
[2025-11-14 03:51:12] [node-0] INFO:   总投票数: 5
[2025-11-14 03:51:12] [node-0] INFO:   投票参与率: 100.00%
[2025-11-14 03:51:12] [node-0] INFO: ========================================
[2025-11-14 03:51:12] [node-0] INFO: 代理节点选举(基于 5 张投票)
[2025-11-14 03:51:12] [node-0] INFO: ========================================
[2025-11-14 03:51:12] [node-0] INFO: 选举结果：共选出 3 个代理节点
[2025-11-14 03:51:12] [node-0] INFO:   #1: node-3 (得票: 1400.00, 质押: 400.00, 连任: 7轮)
[2025-11-14 03:51:12] [node-0] INFO:   #2: node-2 (得票: 1200.00, 质押: 600.00, 连任: 8轮)
[2025-11-14 03:51:12] [node-0] INFO:   #3: node-0 (得票: 400.00, 质押: 1000.00, 连任: 1轮)
[2025-11-14 03:51:12] [node-0] INFO: ✓ 投票选举完成，开始新一轮出块
[2025-11-14 03:51:12] [node-0] INFO: [ ========= 处理区块 | 高度: 57 =========]
[2025-11-14 03:51:12] [node-0] INFO: ========================================
[2025-11-14 03:51:12] [node-0] INFO: 轮次: 19 | 时隙: 1/3
[2025-11-14 03:51:12] [node-0] INFO: 当前出块节点: node-3
[2025-11-14 03:51:12] [node-0] INFO: ========================================
[2025-11-14 03:51:12] [node-0] INFO: 收到来自 node-3 的区块 #55
[2025-11-14 03:51:12] [node-0] INFO: 测试进度: 20/20 (100.0%)
[2025-11-14 03:51:12] [node-0] INFO: 生成测试报告...
[2025-11-14 03:51:12] [node-0] INFO: ✓ 吞吐量报告: test_results/吞吐量数据.csv
[2025-11-14 03:51:12] [node-0] INFO: ✓ 时延报告: test_results/时延数据.csv
[2025-11-14 03:51:12] [node-0] INFO: ✓ 区块生产占比报告: test_results/区块生产占比.csv
[2025-11-14 03:51:12] [node-0] INFO: ✓ 投票速率报告: test_results/投票速率数据.csv
[2025-11-14 03:51:12] [node-0] INFO: ✓ 恶意节点报告: test_results/恶意节点数据.csv
[2025-11-14 03:51:12] [node-0] INFO: ✓ 测试摘要: test_results/测试摘要.json
[2025-11-14 03:51:12] [node-0] INFO: ✓ 所有报告已生成!
[2025-11-14 03:51:12] [node-0] INFO: ========================================
[2025-11-14 03:51:12] [node-0] INFO: ✓ 测试完成! 总耗时: 3m0.022898709s
[2025-11-14 03:51:12] [node-0] INFO: 结果保存在: ./test_results
[2025-11-14 03:51:12] [node-0] INFO: ========================================
[2025-11-14 03:51:12] [node-0] INFO: 
========================================
[2025-11-14 03:51:12] [node-0] INFO: ✓ 测试完成!
[2025-11-14 03:51:12] [node-0] INFO: 结果已保存到: ./test_results
[2025-11-14 03:51:12] [node-0] INFO: ========================================
[2025-11-14 03:51:12] [node-0] INFO: 
节点正在运行，按 Ctrl+C 停止...
[Discovery] 当前对等节点数: 5
[2025-11-14 03:51:15] [node-0] INFO: [ ========= 处理区块 | 高度: 58 =========]
[2025-11-14 03:51:15] [node-0] INFO: ========================================
[2025-11-14 03:51:15] [node-0] INFO: 轮次: 19 | 时隙: 2/3
[2025-11-14 03:51:15] [node-0] INFO: 当前出块节点: node-2
[2025-11-14 03:51:15] [node-0] INFO: ========================================
[2025-11-14 03:51:15] [node-0] INFO: 收到来自 node-2 的区块 #56
[Discovery] 当前对等节点数: 5
[2025-11-14 03:51:18] [node-0] INFO: [ ========= 处理区块 | 高度: 59 =========]
[2025-11-14 03:51:18] [node-0] INFO: ========================================
[2025-11-14 03:51:18] [node-0] INFO: 轮次: 19 | 时隙: 3/3
[2025-11-14 03:51:18] [node-0] INFO: 当前出块节点: node-0
[2025-11-14 03:51:18] [node-0] INFO: ========================================
[2025-11-14 03:51:18] [node-0] INFO: >>> 本节点是当前出块者，开始出块 <<<
[2025-11-14 03:51:18] [node-0] INFO: 【出块阶段】
[2025-11-14 03:51:18] [node-0] INFO: 节点 node-0 开始出块
[2025-11-14 03:51:18] [node-0] INFO:   从交易池获取 100 笔交易
[2025-11-14 03:51:18] [node-0] INFO:   出块耗时: 0 ms
[2025-11-14 03:51:18] [node-0] INFO: >>> 节点 node-0 开始出块 (轮次: 19, 时隙: 3/3)
[2025-11-14 03:51:18] [node-0] INFO: ✓ 区块生产成功 (奖励: 11.00)
[2025-11-14 03:51:18] [node-0] INFO: 收到来自 node-0 的区块 #57
[2025-11-14 03:51:18] [node-0] INFO: 成功广播区块 #57 到 5 个节点
[2025-11-14 03:51:18] [node-0] INFO:   区块广播耗时: 106 ms
[2025-11-14 03:51:18] [node-0] INFO: 节点 node-0 成功出块 #57 (包含 100 笔交易)
[2025-11-14 03:51:18] [node-0] INFO: ========== 第 20 轮开始 ==========
[Discovery] 当前对等节点数: 5
[2025-11-14 03:51:21] [node-0] INFO: ========================================
[2025-11-14 03:51:21] [node-0] INFO: 🗳️  新一轮开始 - 启动投票选举
[2025-11-14 03:51:21] [node-0] INFO: ========================================
[2025-11-14 03:51:21] [node-0] INFO: ========================================
[2025-11-14 03:51:21] [node-0] INFO: 第 21 轮投票阶段开始
[2025-11-14 03:51:21] [node-0] INFO: ========================================
[2025-11-14 03:51:21] [node-0] INFO: 投票状态已重置，等待接收投票...
[2025-11-14 03:51:21] [node-0] INFO: 节点 node-0 投票给 node-3 (权重: 1000.00)
[2025-11-14 03:51:21] [node-0] INFO: 【收到投票】轮次 20 | 投票者: node-0 | 目标: node-3 | 权重: 1000.00
[2025-11-14 03:51:21] [node-0] INFO: 【收到投票】轮次 20 | 投票者: node-2 | 目标: node-3 | 权重: 600.00
[2025-11-14 03:51:21] [node-0] INFO: 【收到投票】轮次 20 | 投票者: node-3 | 目标: node-1 | 权重: 400.00
[2025-11-14 03:51:21] [node-0] INFO: 【收到投票】轮次 20 | 投票者: node-4 | 目标: node-0 | 权重: 200.00
[2025-11-14 03:51:21] [node-0] INFO: 【收到投票】轮次 20 | 投票者: node-1 | 目标: node-3 | 权重: 800.00
[2025-11-14 03:51:21] [node-0] INFO: 投票广播完成: 成功 5, 失败 0
[2025-11-14 03:51:21] [node-0] INFO: 投票阶段完成 (耗时: 103 ms)
[2025-11-14 03:51:21] [node-0] INFO:   总投票数: 5
[2025-11-14 03:51:21] [node-0] INFO:   投票参与率: 100.00%
[2025-11-14 03:51:21] [node-0] INFO: ========================================
[2025-11-14 03:51:21] [node-0] INFO: 代理节点选举(基于 5 张投票)
[2025-11-14 03:51:21] [node-0] INFO: ========================================
[2025-11-14 03:51:21] [node-0] INFO: 选举结果：共选出 3 个代理节点
[2025-11-14 03:51:21] [node-0] INFO:   #1: node-3 (得票: 2400.00, 质押: 400.00, 连任: 8轮)
[2025-11-14 03:51:21] [node-0] INFO:   #2: node-1 (得票: 400.00, 质押: 800.00, 连任: 1轮)
[2025-11-14 03:51:21] [node-0] INFO:   #3: node-0 (得票: 200.00, 质押: 1000.00, 连任: 2轮)
[2025-11-14 03:51:21] [node-0] INFO: ✓ 投票选举完成，开始新一轮出块
[2025-11-14 03:51:21] [node-0] INFO: [ ========= 处理区块 | 高度: 60 =========]
[2025-11-14 03:51:21] [node-0] INFO: ========================================
[2025-11-14 03:51:21] [node-0] INFO: 轮次: 20 | 时隙: 1/3
[2025-11-14 03:51:21] [node-0] INFO: 当前出块节点: node-3
[2025-11-14 03:51:21] [node-0] INFO: ========================================
[2025-11-14 03:51:21] [node-0] INFO: 收到来自 node-3 的区块 #58
[Discovery] 当前对等节点数: 5
[2025-11-14 03:51:24] [node-0] INFO: [ ========= 处理区块 | 高度: 61 =========]
[2025-11-14 03:51:24] [node-0] INFO: ========================================
[2025-11-14 03:51:24] [node-0] INFO: 轮次: 20 | 时隙: 2/3
[2025-11-14 03:51:24] [node-0] INFO: 当前出块节点: node-1
[2025-11-14 03:51:24] [node-0] INFO: ========================================
[2025-11-14 03:51:24] [node-0] INFO: 收到来自 node-1 的区块 #59
[Discovery] 当前对等节点数: 5
[2025-11-14 03:51:27] [node-0] INFO: [ ========= 处理区块 | 高度: 62 =========]
[2025-11-14 03:51:27] [node-0] INFO: ========================================
[2025-11-14 03:51:27] [node-0] INFO: 轮次: 20 | 时隙: 3/3
[2025-11-14 03:51:27] [node-0] INFO: 当前出块节点: node-0
[2025-11-14 03:51:27] [node-0] INFO: ========================================
[2025-11-14 03:51:27] [node-0] INFO: >>> 本节点是当前出块者，开始出块 <<<
[2025-11-14 03:51:27] [node-0] INFO: 【出块阶段】
[2025-11-14 03:51:27] [node-0] INFO: 节点 node-0 开始出块
[2025-11-14 03:51:27] [node-0] INFO:   从交易池获取 100 笔交易
[2025-11-14 03:51:27] [node-0] INFO:   出块耗时: 0 ms
[2025-11-14 03:51:27] [node-0] INFO: >>> 节点 node-0 开始出块 (轮次: 20, 时隙: 3/3)
[2025-11-14 03:51:27] [node-0] INFO: ✓ 区块生产成功 (奖励: 11.00)
[2025-11-14 03:51:27] [node-0] INFO: 收到来自 node-0 的区块 #60
[2025-11-14 03:51:27] [node-0] INFO: 成功广播区块 #60 到 5 个节点
[2025-11-14 03:51:27] [node-0] INFO:   区块广播耗时: 86 ms
[2025-11-14 03:51:27] [node-0] INFO: 节点 node-0 成功出块 #60 (包含 100 笔交易)
[2025-11-14 03:51:27] [node-0] INFO: ========== 第 21 轮开始 ==========
[Discovery] 当前对等节点数: 5
[2025-11-14 03:51:30] [node-0] INFO: ========================================
[2025-11-14 03:51:30] [node-0] INFO: 🗳️  新一轮开始 - 启动投票选举
[2025-11-14 03:51:30] [node-0] INFO: ========================================
[2025-11-14 03:51:30] [node-0] INFO: ========================================
[2025-11-14 03:51:30] [node-0] INFO: 第 22 轮投票阶段开始
[2025-11-14 03:51:30] [node-0] INFO: ========================================
[2025-11-14 03:51:30] [node-0] INFO: 投票状态已重置，等待接收投票...
[2025-11-14 03:51:30] [node-0] INFO: 节点 node-0 投票给 node-4 (权重: 1000.00)
[2025-11-14 03:51:30] [node-0] INFO: 【收到投票】轮次 21 | 投票者: node-2 | 目标: node-1 | 权重: 600.00
[2025-11-14 03:51:30] [node-0] INFO: 【收到投票】轮次 21 | 投票者: node-0 | 目标: node-4 | 权重: 1000.00
[2025-11-14 03:51:30] [node-0] INFO: 【收到投票】轮次 21 | 投票者: node-1 | 目标: node-2 | 权重: 800.00
[2025-11-14 03:51:30] [node-0] INFO: 【收到投票】轮次 21 | 投票者: node-3 | 目标: node-0 | 权重: 400.00
[2025-11-14 03:51:30] [node-0] INFO: 【收到投票】轮次 21 | 投票者: node-4 | 目标: node-1 | 权重: 200.00
[2025-11-14 03:51:30] [node-0] INFO: 投票广播完成: 成功 5, 失败 0
[2025-11-14 03:51:30] [node-0] INFO: 投票阶段完成 (耗时: 102 ms)
[2025-11-14 03:51:30] [node-0] INFO:   总投票数: 5
[2025-11-14 03:51:30] [node-0] INFO:   投票参与率: 100.00%
[2025-11-14 03:51:30] [node-0] INFO: ========================================
[2025-11-14 03:51:30] [node-0] INFO: 代理节点选举(基于 5 张投票)
[2025-11-14 03:51:30] [node-0] INFO: ========================================
[2025-11-14 03:51:30] [node-0] INFO: 选举结果：共选出 3 个代理节点
[2025-11-14 03:51:30] [node-0] INFO:   #1: node-4 (得票: 1000.00, 质押: 200.00, 连任: 1轮)
[2025-11-14 03:51:30] [node-0] INFO:   #2: node-1 (得票: 800.00, 质押: 800.00, 连任: 2轮)
[2025-11-14 03:51:30] [node-0] INFO:   #3: node-2 (得票: 800.00, 质押: 600.00, 连任: 1轮)
[2025-11-14 03:51:30] [node-0] INFO: ✓ 投票选举完成，开始新一轮出块
[2025-11-14 03:51:30] [node-0] INFO: [ ========= 处理区块 | 高度: 63 =========]
[2025-11-14 03:51:30] [node-0] INFO: ========================================
[2025-11-14 03:51:30] [node-0] INFO: 轮次: 21 | 时隙: 1/3
[2025-11-14 03:51:30] [node-0] INFO: 当前出块节点: node-4
[2025-11-14 03:51:30] [node-0] INFO: ========================================
[2025-11-14 03:51:30] [node-0] INFO: 收到来自 node-4 的区块 #61
[Discovery] 当前对等节点数: 5
[2025-11-14 03:51:33] [node-0] INFO: [ ========= 处理区块 | 高度: 64 =========]
[2025-11-14 03:51:33] [node-0] INFO: ========================================
[2025-11-14 03:51:33] [node-0] INFO: 轮次: 21 | 时隙: 2/3
[2025-11-14 03:51:33] [node-0] INFO: 当前出块节点: node-1
[2025-11-14 03:51:33] [node-0] INFO: ========================================
[2025-11-14 03:51:33] [node-0] INFO: 收到来自 node-1 的区块 #62
[Discovery] 当前对等节点数: 5
[2025-11-14 03:51:36] [node-0] INFO: [ ========= 处理区块 | 高度: 65 =========]
[2025-11-14 03:51:36] [node-0] INFO: ========================================
[2025-11-14 03:51:36] [node-0] INFO: 轮次: 21 | 时隙: 3/3
[2025-11-14 03:51:36] [node-0] INFO: 当前出块节点: node-2
[2025-11-14 03:51:36] [node-0] INFO: ========================================
[2025-11-14 03:51:36] [node-0] INFO: 收到来自 node-2 的区块 #63
[2025-11-14 03:51:36] [node-0] INFO: ========== 第 22 轮开始 ==========
[2025-11-14 03:51:37] [node-0] INFO: 
收到停止信号，正在关闭节点...
[2025-11-14 03:51:37] [node-0] INFO: 停止节点 node-0
[2025-11-14 03:51:37] [node-0] INFO: 主循环停止 | 最终区块高度: 66
[2025-11-14 03:51:37] [node-0] INFO: ✓ 节点已停止
